# JRE version: OpenJDK Runtime Environment (21.0.5) (build 21.0.5+-12932927-b750.29)
# Java VM: OpenJDK 64-Bit Server VM (21.0.5+-12932927-b750.29, mixed mode, tiered, compressed oops, compressed class ptrs, g1 gc, windows-amd64)
GC Precious Log:
 CardTable entry size: 512
 Card Set container configuration: InlinePtr #cards 5 size 8 Array Of Cards #cards 12 size 40 Howl #buckets 4 coarsen threshold 1843 Howl Bitmap #cards 512 size 80 coarsen threshold 460 Card regions per heap region 1 cards per card region 2048
 CPUs: 12 total, 12 available
 Memory: 7860M
 Large Page Support: Disabled
 NUMA Support: Disabled
 Compressed Oops: Enabled (32-bit)
 Heap Region Size: 1M
 Heap Min Capacity: 8M
 Heap Initial Capacity: 124M
 Heap Max Capacity: 2G
 Pre-touch: Disabled
 Parallel Workers: 10
 Concurrent Workers: 3
 Concurrent Refinement Workers: 10
 Periodic GC: Disabled
Heap:
 garbage-first heap   total 250880K, used 187603K [0x0000000080000000, 0x0000000100000000)
  region size 1024K, 63 young (64512K), 3 survivors (3072K)
 Metaspace       used 120566K, committed 122816K, reserved 1179648K
  class space    used 16253K, committed 17408K, reserved 1048576K
GC Heap History (20 events):
Event: 15.797 GC heap before
{Heap before GC invocations=33 (full 0):
 garbage-first heap   total 145408K, used 130386K [0x0000000080000000, 0x0000000100000000)
  region size 1024K, 45 young (46080K), 5 survivors (5120K)
 Metaspace       used 102293K, committed 104512K, reserved 1179648K
  class space    used 14138K, committed 15232K, reserved 1048576K
}
Event: 15.801 GC heap after
{Heap after GC invocations=34 (full 0):
 garbage-first heap   total 175104K, used 91870K [0x0000000080000000, 0x0000000100000000)
  region size 1024K, 4 young (4096K), 4 survivors (4096K)
 Metaspace       used 102293K, committed 104512K, reserved 1179648K
  class space    used 14138K, committed 15232K, reserved 1048576K
}
Event: 16.427 GC heap before
{Heap before GC invocations=35 (full 0):
 garbage-first heap   total 175104K, used 165598K [0x0000000080000000, 0x0000000100000000)
  region size 1024K, 69 young (70656K), 4 survivors (4096K)
 Metaspace       used 105367K, committed 107520K, reserved 1179648K
  class space    used 14432K, committed 15552K, reserved 1048576K
}
Event: 16.438 GC heap after
{Heap after GC invocations=36 (full 0):
 garbage-first heap   total 184320K, used 105425K [0x0000000080000000, 0x0000000100000000)
  region size 1024K, 9 young (9216K), 9 survivors (9216K)
 Metaspace       used 105367K, committed 107520K, reserved 1179648K
  class space    used 14432K, committed 15552K, reserved 1048576K
}
Event: 17.068 GC heap before
{Heap before GC invocations=36 (full 0):
 garbage-first heap   total 184320K, used 183249K [0x0000000080000000, 0x0000000100000000)
  region size 1024K, 61 young (62464K), 9 survivors (9216K)
 Metaspace       used 107679K, committed 109888K, reserved 1179648K
  class space    used 14654K, committed 15744K, reserved 1048576K
}
Event: 17.083 GC heap after
{Heap after GC invocations=37 (full 0):
 garbage-first heap   total 206848K, used 114525K [0x0000000080000000, 0x0000000100000000)
  region size 1024K, 8 young (8192K), 8 survivors (8192K)
 Metaspace       used 107679K, committed 109888K, reserved 1179648K
  class space    used 14654K, committed 15744K, reserved 1048576K
}
Event: 17.765 GC heap before
{Heap before GC invocations=37 (full 0):
 garbage-first heap   total 206848K, used 174941K [0x0000000080000000, 0x0000000100000000)
  region size 1024K, 68 young (69632K), 8 survivors (8192K)
 Metaspace       used 108918K, committed 111104K, reserved 1179648K
  class space    used 14813K, committed 15936K, reserved 1048576K
}
Event: 17.777 GC heap after
{Heap after GC invocations=38 (full 0):
 garbage-first heap   total 206848K, used 119995K [0x0000000080000000, 0x0000000100000000)
  region size 1024K, 5 young (5120K), 5 survivors (5120K)
 Metaspace       used 108918K, committed 111104K, reserved 1179648K
  class space    used 14813K, committed 15936K, reserved 1048576K
}
Event: 18.634 GC heap before
{Heap before GC invocations=39 (full 0):
 garbage-first heap   total 206848K, used 178363K [0x0000000080000000, 0x0000000100000000)
  region size 1024K, 63 young (64512K), 5 survivors (5120K)
 Metaspace       used 109320K, committed 111552K, reserved 1179648K
  class space    used 14845K, committed 15936K, reserved 1048576K
}
Event: 18.644 GC heap after
{Heap after GC invocations=40 (full 0):
 garbage-first heap   total 206848K, used 122926K [0x0000000080000000, 0x0000000100000000)
  region size 1024K, 5 young (5120K), 5 survivors (5120K)
 Metaspace       used 109320K, committed 111552K, reserved 1179648K
  class space    used 14845K, committed 15936K, reserved 1048576K
}
Event: 19.219 GC heap before
{Heap before GC invocations=40 (full 0):
 garbage-first heap   total 206848K, used 181294K [0x0000000080000000, 0x0000000100000000)
  region size 1024K, 63 young (64512K), 5 survivors (5120K)
 Metaspace       used 110085K, committed 112256K, reserved 1179648K
  class space    used 14936K, committed 16064K, reserved 1048576K
}
Event: 19.228 GC heap after
{Heap after GC invocations=41 (full 0):
 garbage-first heap   total 206848K, used 123859K [0x0000000080000000, 0x0000000100000000)
  region size 1024K, 6 young (6144K), 6 survivors (6144K)
 Metaspace       used 110085K, committed 112256K, reserved 1179648K
  class space    used 14936K, committed 16064K, reserved 1048576K
}
Event: 19.682 GC heap before
{Heap before GC invocations=41 (full 0):
 garbage-first heap   total 206848K, used 183251K [0x0000000080000000, 0x0000000100000000)
  region size 1024K, 65 young (66560K), 6 survivors (6144K)
 Metaspace       used 110266K, committed 112448K, reserved 1179648K
  class space    used 14960K, committed 16064K, reserved 1048576K
}
Event: 19.688 GC heap after
{Heap after GC invocations=42 (full 0):
 garbage-first heap   total 206848K, used 125601K [0x0000000080000000, 0x0000000100000000)
  region size 1024K, 4 young (4096K), 4 survivors (4096K)
 Metaspace       used 110266K, committed 112448K, reserved 1179648K
  class space    used 14960K, committed 16064K, reserved 1048576K
}
Event: 22.384 GC heap before
{Heap before GC invocations=43 (full 0):
 garbage-first heap   total 206848K, used 183969K [0x0000000080000000, 0x0000000100000000)
  region size 1024K, 64 young (65536K), 4 survivors (4096K)
 Metaspace       used 110696K, committed 112896K, reserved 1179648K
  class space    used 14996K, committed 16128K, reserved 1048576K
}
Event: 22.391 GC heap after
{Heap after GC invocations=44 (full 0):
 garbage-first heap   total 248832K, used 126315K [0x0000000080000000, 0x0000000100000000)
  region size 1024K, 7 young (7168K), 7 survivors (7168K)
 Metaspace       used 110696K, committed 112896K, reserved 1179648K
  class space    used 14996K, committed 16128K, reserved 1048576K
}
Event: 23.751 GC heap before
{Heap before GC invocations=44 (full 0):
 garbage-first heap   total 248832K, used 225643K [0x0000000080000000, 0x0000000100000000)
  region size 1024K, 103 young (105472K), 7 survivors (7168K)
 Metaspace       used 114434K, committed 116608K, reserved 1179648K
  class space    used 15485K, committed 16576K, reserved 1048576K
}
Event: 23.769 GC heap after
{Heap after GC invocations=45 (full 0):
 garbage-first heap   total 250880K, used 120635K [0x0000000080000000, 0x0000000100000000)
  region size 1024K, 13 young (13312K), 13 survivors (13312K)
 Metaspace       used 114434K, committed 116608K, reserved 1179648K
  class space    used 15485K, committed 16576K, reserved 1048576K
}
Event: 23.952 GC heap before
{Heap before GC invocations=45 (full 0):
 garbage-first heap   total 250880K, used 135995K [0x0000000080000000, 0x0000000100000000)
  region size 1024K, 30 young (30720K), 13 survivors (13312K)
 Metaspace       used 118145K, committed 120384K, reserved 1179648K
  class space    used 15983K, committed 17088K, reserved 1048576K
}
Event: 23.963 GC heap after
{Heap after GC invocations=46 (full 0):
 garbage-first heap   total 250880K, used 124115K [0x0000000080000000, 0x0000000100000000)
  region size 1024K, 3 young (3072K), 3 survivors (3072K)
 Metaspace       used 118145K, committed 120384K, reserved 1179648K
  class space    used 15983K, committed 17088K, reserved 1048576K
}

