# JRE version: OpenJDK Runtime Environment (21.0.5) (build 21.0.5+-12932927-b750.29)
# Java VM: OpenJDK 64-Bit Server VM (21.0.5+-12932927-b750.29, mixed mode, tiered, compressed oops, compressed class ptrs, g1 gc, windows-amd64)
GC Precious Log:
 CardTable entry size: 512
 Card Set container configuration: InlinePtr #cards 5 size 8 Array Of Cards #cards 12 size 40 Howl #buckets 4 coarsen threshold 1843 Howl Bitmap #cards 512 size 80 coarsen threshold 460 Card regions per heap region 1 cards per card region 2048
 CPUs: 12 total, 12 available
 Memory: 7860M
 Large Page Support: Disabled
 NUMA Support: Disabled
 Compressed Oops: Enabled (32-bit)
 Heap Region Size: 1M
 Heap Min Capacity: 8M
 Heap Initial Capacity: 124M
 Heap Max Capacity: 2G
 Pre-touch: Disabled
 Parallel Workers: 10
 Concurrent Workers: 3
 Concurrent Refinement Workers: 10
 Periodic GC: Disabled
Heap:
 garbage-first heap   total 113664K, used 70925K [0x0000000080000000, 0x0000000100000000)
  region size 1024K, 21 young (21504K), 3 survivors (3072K)
 Metaspace       used 54853K, committed 56384K, reserved 1114112K
  class space    used 7421K, committed 8192K, reserved 1048576K
GC Heap History (20 events):
Event: 0.718 GC heap before
{Heap before GC invocations=1 (full 0):
 garbage-first heap   total 126976K, used 40296K [0x0000000080000000, 0x0000000100000000)
  region size 1024K, 37 young (37888K), 3 survivors (3072K)
 Metaspace       used 12148K, committed 12352K, reserved 1114112K
  class space    used 1275K, committed 1408K, reserved 1048576K
}
Event: 0.723 GC heap after
{Heap after GC invocations=2 (full 0):
 garbage-first heap   total 126976K, used 11239K [0x0000000080000000, 0x0000000100000000)
  region size 1024K, 5 young (5120K), 5 survivors (5120K)
 Metaspace       used 12148K, committed 12352K, reserved 1114112K
  class space    used 1275K, committed 1408K, reserved 1048576K
}
Event: 1.146 GC heap before
{Heap before GC invocations=2 (full 0):
 garbage-first heap   total 126976K, used 61415K [0x0000000080000000, 0x0000000100000000)
  region size 1024K, 52 young (53248K), 5 survivors (5120K)
 Metaspace       used 14246K, committed 14464K, reserved 1114112K
  class space    used 1556K, committed 1664K, reserved 1048576K
}
Event: 1.152 GC heap after
{Heap after GC invocations=3 (full 0):
 garbage-first heap   total 126976K, used 17921K [0x0000000080000000, 0x0000000100000000)
  region size 1024K, 6 young (6144K), 6 survivors (6144K)
 Metaspace       used 14246K, committed 14464K, reserved 1114112K
  class space    used 1556K, committed 1664K, reserved 1048576K
}
Event: 1.445 GC heap before
{Heap before GC invocations=3 (full 0):
 garbage-first heap   total 126976K, used 40449K [0x0000000080000000, 0x0000000100000000)
  region size 1024K, 29 young (29696K), 6 survivors (6144K)
 Metaspace       used 21253K, committed 21504K, reserved 1114112K
  class space    used 2444K, committed 2560K, reserved 1048576K
}
Event: 1.449 GC heap after
{Heap after GC invocations=4 (full 0):
 garbage-first heap   total 126976K, used 20396K [0x0000000080000000, 0x0000000100000000)
  region size 1024K, 3 young (3072K), 3 survivors (3072K)
 Metaspace       used 21253K, committed 21504K, reserved 1114112K
  class space    used 2444K, committed 2560K, reserved 1048576K
}
Event: 2.035 GC heap before
{Heap before GC invocations=5 (full 0):
 garbage-first heap   total 71680K, used 70572K [0x0000000080000000, 0x0000000100000000)
  region size 1024K, 52 young (53248K), 3 survivors (3072K)
 Metaspace       used 29492K, committed 30080K, reserved 1114112K
  class space    used 3753K, committed 4032K, reserved 1048576K
}
Event: 2.040 GC heap after
{Heap after GC invocations=6 (full 0):
 garbage-first heap   total 77824K, used 23417K [0x0000000080000000, 0x0000000100000000)
  region size 1024K, 6 young (6144K), 6 survivors (6144K)
 Metaspace       used 29492K, committed 30080K, reserved 1114112K
  class space    used 3753K, committed 4032K, reserved 1048576K
}
Event: 2.367 GC heap before
{Heap before GC invocations=6 (full 0):
 garbage-first heap   total 77824K, used 59257K [0x0000000080000000, 0x0000000100000000)
  region size 1024K, 41 young (41984K), 6 survivors (6144K)
 Metaspace       used 34345K, committed 35200K, reserved 1114112K
  class space    used 4592K, committed 4992K, reserved 1048576K
}
Event: 2.371 GC heap after
{Heap after GC invocations=7 (full 0):
 garbage-first heap   total 77824K, used 25893K [0x0000000080000000, 0x0000000100000000)
  region size 1024K, 6 young (6144K), 6 survivors (6144K)
 Metaspace       used 34345K, committed 35200K, reserved 1114112K
  class space    used 4592K, committed 4992K, reserved 1048576K
}
Event: 2.494 GC heap before
{Heap before GC invocations=7 (full 0):
 garbage-first heap   total 77824K, used 47397K [0x0000000080000000, 0x0000000100000000)
  region size 1024K, 17 young (17408K), 6 survivors (6144K)
 Metaspace       used 35171K, committed 35968K, reserved 1114112K
  class space    used 4729K, committed 5120K, reserved 1048576K
}
Event: 2.499 GC heap after
{Heap after GC invocations=8 (full 0):
 garbage-first heap   total 94208K, used 41636K [0x0000000080000000, 0x0000000100000000)
  region size 1024K, 6 young (6144K), 6 survivors (6144K)
 Metaspace       used 35171K, committed 35968K, reserved 1114112K
  class space    used 4729K, committed 5120K, reserved 1048576K
}
Event: 2.852 GC heap before
{Heap before GC invocations=9 (full 0):
 garbage-first heap   total 94208K, used 79524K [0x0000000080000000, 0x0000000100000000)
  region size 1024K, 42 young (43008K), 6 survivors (6144K)
 Metaspace       used 39794K, committed 40896K, reserved 1114112K
  class space    used 5462K, committed 6016K, reserved 1048576K
}
Event: 2.856 GC heap after
{Heap after GC invocations=10 (full 0):
 garbage-first heap   total 94208K, used 45391K [0x0000000080000000, 0x0000000100000000)
  region size 1024K, 3 young (3072K), 3 survivors (3072K)
 Metaspace       used 39794K, committed 40896K, reserved 1114112K
  class space    used 5462K, committed 6016K, reserved 1048576K
}
Event: 3.160 GC heap before
{Heap before GC invocations=10 (full 0):
 garbage-first heap   total 94208K, used 78159K [0x0000000080000000, 0x0000000100000000)
  region size 1024K, 36 young (36864K), 3 survivors (3072K)
 Metaspace       used 44458K, committed 45760K, reserved 1114112K
  class space    used 6202K, committed 6848K, reserved 1048576K
}
Event: 3.164 GC heap after
{Heap after GC invocations=11 (full 0):
 garbage-first heap   total 94208K, used 47903K [0x0000000080000000, 0x0000000100000000)
  region size 1024K, 5 young (5120K), 5 survivors (5120K)
 Metaspace       used 44458K, committed 45760K, reserved 1114112K
  class space    used 6202K, committed 6848K, reserved 1048576K
}
Event: 3.368 GC heap before
{Heap before GC invocations=11 (full 0):
 garbage-first heap   total 94208K, used 80671K [0x0000000080000000, 0x0000000100000000)
  region size 1024K, 38 young (38912K), 5 survivors (5120K)
 Metaspace       used 49219K, committed 50560K, reserved 1114112K
  class space    used 6654K, committed 7296K, reserved 1048576K
}
Event: 3.373 GC heap after
{Heap after GC invocations=12 (full 0):
 garbage-first heap   total 94208K, used 52276K [0x0000000080000000, 0x0000000100000000)
  region size 1024K, 5 young (5120K), 5 survivors (5120K)
 Metaspace       used 49219K, committed 50560K, reserved 1114112K
  class space    used 6654K, committed 7296K, reserved 1048576K
}
Event: 3.641 GC heap before
{Heap before GC invocations=13 (full 0):
 garbage-first heap   total 94208K, used 86068K [0x0000000080000000, 0x0000000100000000)
  region size 1024K, 34 young (34816K), 5 survivors (5120K)
 Metaspace       used 52808K, committed 54272K, reserved 1114112K
  class space    used 7083K, committed 7808K, reserved 1048576K
}
Event: 3.657 GC heap after
{Heap after GC invocations=14 (full 0):
 garbage-first heap   total 113664K, used 53517K [0x0000000080000000, 0x0000000100000000)
  region size 1024K, 3 young (3072K), 3 survivors (3072K)
 Metaspace       used 52808K, committed 54272K, reserved 1114112K
  class space    used 7083K, committed 7808K, reserved 1048576K
}

