# JRE version: OpenJDK Runtime Environment (21.0.5) (build 21.0.5+-12932927-b750.29)
# Java VM: OpenJDK 64-Bit Server VM (21.0.5+-12932927-b750.29, mixed mode, tiered, compressed oops, compressed class ptrs, g1 gc, windows-amd64)
GC Precious Log:
 CardTable entry size: 512
 Card Set container configuration: InlinePtr #cards 5 size 8 Array Of Cards #cards 12 size 40 Howl #buckets 4 coarsen threshold 1843 Howl Bitmap #cards 512 size 80 coarsen threshold 460 Card regions per heap region 1 cards per card region 2048
 CPUs: 12 total, 12 available
 Memory: 7860M
 Large Page Support: Disabled
 NUMA Support: Disabled
 Compressed Oops: Enabled (32-bit)
 Heap Region Size: 1M
 Heap Min Capacity: 8M
 Heap Initial Capacity: 124M
 Heap Max Capacity: 2G
 Pre-touch: Disabled
 Parallel Workers: 10
 Concurrent Workers: 3
 Concurrent Refinement Workers: 10
 Periodic GC: Disabled
Heap:
 garbage-first heap   total 89088K, used 65058K [0x0000000080000000, 0x0000000100000000)
  region size 1024K, 31 young (31744K), 3 survivors (3072K)
 Metaspace       used 62505K, committed 64128K, reserved 1114112K
  class space    used 8561K, committed 9344K, reserved 1048576K
GC Heap History (20 events):
Event: 0.932 GC heap before
{Heap before GC invocations=2 (full 0):
 garbage-first heap   total 126976K, used 61215K [0x0000000080000000, 0x0000000100000000)
  region size 1024K, 52 young (53248K), 5 survivors (5120K)
 Metaspace       used 14240K, committed 14528K, reserved 1114112K
  class space    used 1560K, committed 1728K, reserved 1048576K
}
Event: 0.939 GC heap after
{Heap after GC invocations=3 (full 0):
 garbage-first heap   total 126976K, used 17900K [0x0000000080000000, 0x0000000100000000)
  region size 1024K, 6 young (6144K), 6 survivors (6144K)
 Metaspace       used 14240K, committed 14528K, reserved 1114112K
  class space    used 1560K, committed 1728K, reserved 1048576K
}
Event: 1.267 GC heap before
{Heap before GC invocations=3 (full 0):
 garbage-first heap   total 126976K, used 41452K [0x0000000080000000, 0x0000000100000000)
  region size 1024K, 30 young (30720K), 6 survivors (6144K)
 Metaspace       used 21159K, committed 21504K, reserved 1114112K
  class space    used 2438K, committed 2624K, reserved 1048576K
}
Event: 1.270 GC heap after
{Heap after GC invocations=4 (full 0):
 garbage-first heap   total 126976K, used 20523K [0x0000000080000000, 0x0000000100000000)
  region size 1024K, 3 young (3072K), 3 survivors (3072K)
 Metaspace       used 21159K, committed 21504K, reserved 1114112K
  class space    used 2438K, committed 2624K, reserved 1048576K
}
Event: 1.825 GC heap before
{Heap before GC invocations=5 (full 0):
 garbage-first heap   total 71680K, used 69675K [0x0000000080000000, 0x0000000100000000)
  region size 1024K, 52 young (53248K), 3 survivors (3072K)
 Metaspace       used 29280K, committed 29824K, reserved 1114112K
  class space    used 3735K, committed 3968K, reserved 1048576K
}
Event: 1.829 GC heap after
{Heap after GC invocations=6 (full 0):
 garbage-first heap   total 77824K, used 23291K [0x0000000080000000, 0x0000000100000000)
  region size 1024K, 6 young (6144K), 6 survivors (6144K)
 Metaspace       used 29280K, committed 29824K, reserved 1114112K
  class space    used 3735K, committed 3968K, reserved 1048576K
}
Event: 2.175 GC heap before
{Heap before GC invocations=6 (full 0):
 garbage-first heap   total 77824K, used 60155K [0x0000000080000000, 0x0000000100000000)
  region size 1024K, 42 young (43008K), 6 survivors (6144K)
 Metaspace       used 34323K, committed 35136K, reserved 1114112K
  class space    used 4574K, committed 4992K, reserved 1048576K
}
Event: 2.180 GC heap after
{Heap after GC invocations=7 (full 0):
 garbage-first heap   total 77824K, used 25652K [0x0000000080000000, 0x0000000100000000)
  region size 1024K, 6 young (6144K), 6 survivors (6144K)
 Metaspace       used 34323K, committed 35136K, reserved 1114112K
  class space    used 4574K, committed 4992K, reserved 1048576K
}
Event: 2.235 GC heap before
{Heap before GC invocations=7 (full 0):
 garbage-first heap   total 77824K, used 31796K [0x0000000080000000, 0x0000000100000000)
  region size 1024K, 13 young (13312K), 6 survivors (6144K)
 Metaspace       used 35168K, committed 35968K, reserved 1114112K
  class space    used 4710K, committed 5120K, reserved 1048576K
}
Event: 2.239 GC heap after
{Heap after GC invocations=8 (full 0):
 garbage-first heap   total 94208K, used 26360K [0x0000000080000000, 0x0000000100000000)
  region size 1024K, 3 young (3072K), 3 survivors (3072K)
 Metaspace       used 35168K, committed 35968K, reserved 1114112K
  class space    used 4710K, committed 5120K, reserved 1048576K
}
Event: 2.661 GC heap before
{Heap before GC invocations=9 (full 0):
 garbage-first heap   total 89088K, used 78584K [0x0000000080000000, 0x0000000100000000)
  region size 1024K, 54 young (55296K), 3 survivors (3072K)
 Metaspace       used 44403K, committed 45632K, reserved 1114112K
  class space    used 5965K, committed 6592K, reserved 1048576K
}
Event: 2.665 GC heap after
{Heap after GC invocations=10 (full 0):
 garbage-first heap   total 89088K, used 30383K [0x0000000080000000, 0x0000000100000000)
  region size 1024K, 7 young (7168K), 7 survivors (7168K)
 Metaspace       used 44403K, committed 45632K, reserved 1114112K
  class space    used 5965K, committed 6592K, reserved 1048576K
}
Event: 2.842 GC heap before
{Heap before GC invocations=10 (full 0):
 garbage-first heap   total 89088K, used 74415K [0x0000000080000000, 0x0000000100000000)
  region size 1024K, 51 young (52224K), 7 survivors (7168K)
 Metaspace       used 46598K, committed 47872K, reserved 1114112K
  class space    used 6223K, committed 6848K, reserved 1048576K
}
Event: 2.847 GC heap after
{Heap after GC invocations=11 (full 0):
 garbage-first heap   total 89088K, used 32715K [0x0000000080000000, 0x0000000100000000)
  region size 1024K, 3 young (3072K), 3 survivors (3072K)
 Metaspace       used 46598K, committed 47872K, reserved 1114112K
  class space    used 6223K, committed 6848K, reserved 1048576K
}
Event: 3.193 GC heap before
{Heap before GC invocations=11 (full 0):
 garbage-first heap   total 89088K, used 74699K [0x0000000080000000, 0x0000000100000000)
  region size 1024K, 45 young (46080K), 3 survivors (3072K)
 Metaspace       used 50918K, committed 52352K, reserved 1114112K
  class space    used 6932K, committed 7680K, reserved 1048576K
}
Event: 3.197 GC heap after
{Heap after GC invocations=12 (full 0):
 garbage-first heap   total 89088K, used 35026K [0x0000000080000000, 0x0000000100000000)
  region size 1024K, 6 young (6144K), 6 survivors (6144K)
 Metaspace       used 50918K, committed 52352K, reserved 1114112K
  class space    used 6932K, committed 7680K, reserved 1048576K
}
Event: 3.689 GC heap before
{Heap before GC invocations=12 (full 0):
 garbage-first heap   total 89088K, used 77010K [0x0000000080000000, 0x0000000100000000)
  region size 1024K, 46 young (47104K), 6 survivors (6144K)
 Metaspace       used 57108K, committed 58624K, reserved 1114112K
  class space    used 7682K, committed 8448K, reserved 1048576K
}
Event: 3.692 GC heap after
{Heap after GC invocations=13 (full 0):
 garbage-first heap   total 89088K, used 36957K [0x0000000080000000, 0x0000000100000000)
  region size 1024K, 5 young (5120K), 5 survivors (5120K)
 Metaspace       used 57108K, committed 58624K, reserved 1114112K
  class space    used 7682K, committed 8448K, reserved 1048576K
}
Event: 3.784 GC heap before
{Heap before GC invocations=13 (full 0):
 garbage-first heap   total 89088K, used 47197K [0x0000000080000000, 0x0000000100000000)
  region size 1024K, 16 young (16384K), 5 survivors (5120K)
 Metaspace       used 58758K, committed 60160K, reserved 1114112K
  class space    used 7931K, committed 8640K, reserved 1048576K
}
Event: 3.788 GC heap after
{Heap after GC invocations=14 (full 0):
 garbage-first heap   total 89088K, used 37410K [0x0000000080000000, 0x0000000100000000)
  region size 1024K, 3 young (3072K), 3 survivors (3072K)
 Metaspace       used 58758K, committed 60160K, reserved 1114112K
  class space    used 7931K, committed 8640K, reserved 1048576K
}

