# JRE version: OpenJDK Runtime Environment (21.0.5) (build 21.0.5+-12932927-b750.29)
# Java VM: OpenJDK 64-Bit Server VM (21.0.5+-12932927-b750.29, mixed mode, tiered, compressed oops, compressed class ptrs, g1 gc, windows-amd64)
GC Precious Log:
 CardTable entry size: 512
 Card Set container configuration: InlinePtr #cards 5 size 8 Array Of Cards #cards 12 size 40 Howl #buckets 4 coarsen threshold 1843 Howl Bitmap #cards 512 size 80 coarsen threshold 460 Card regions per heap region 1 cards per card region 2048
 CPUs: 12 total, 12 available
 Memory: 7860M
 Large Page Support: Disabled
 NUMA Support: Disabled
 Compressed Oops: Enabled (32-bit)
 Heap Region Size: 1M
 Heap Min Capacity: 8M
 Heap Initial Capacity: 124M
 Heap Max Capacity: 2G
 Pre-touch: Disabled
 Parallel Workers: 10
 Concurrent Workers: 3
 Concurrent Refinement Workers: 10
 Periodic GC: Disabled
Heap:
 garbage-first heap   total 173056K, used 118345K [0x0000000080000000, 0x0000000100000000)
  region size 1024K, 15 young (15360K), 4 survivors (4096K)
 Metaspace       used 82697K, committed 84608K, reserved 1179648K
  class space    used 11125K, committed 12032K, reserved 1048576K
GC Heap History (20 events):
Event: 4.448 GC heap before
{Heap before GC invocations=12 (full 0):
 garbage-first heap   total 110592K, used 81762K [0x0000000080000000, 0x0000000100000000)
  region size 1024K, 32 young (32768K), 4 survivors (4096K)
 Metaspace       used 56262K, committed 57856K, reserved 1114112K
  class space    used 7652K, committed 8448K, reserved 1048576K
}
Event: 4.452 GC heap after
{Heap after GC invocations=13 (full 0):
 garbage-first heap   total 110592K, used 56966K [0x0000000080000000, 0x0000000100000000)
  region size 1024K, 3 young (3072K), 3 survivors (3072K)
 Metaspace       used 56262K, committed 57856K, reserved 1114112K
  class space    used 7652K, committed 8448K, reserved 1048576K
}
Event: 4.774 GC heap before
{Heap before GC invocations=14 (full 0):
 garbage-first heap   total 110592K, used 109190K [0x0000000080000000, 0x0000000100000000)
  region size 1024K, 39 young (39936K), 3 survivors (3072K)
 Metaspace       used 58938K, committed 60608K, reserved 1114112K
  class space    used 7884K, committed 8704K, reserved 1048576K
}
Event: 4.779 GC heap after
{Heap after GC invocations=15 (full 0):
 garbage-first heap   total 143360K, used 76546K [0x0000000080000000, 0x0000000100000000)
  region size 1024K, 6 young (6144K), 6 survivors (6144K)
 Metaspace       used 58938K, committed 60608K, reserved 1114112K
  class space    used 7884K, committed 8704K, reserved 1048576K
}
Event: 5.025 GC heap before
{Heap before GC invocations=15 (full 0):
 garbage-first heap   total 143360K, used 123650K [0x0000000080000000, 0x0000000100000000)
  region size 1024K, 52 young (53248K), 6 survivors (6144K)
 Metaspace       used 62172K, committed 63808K, reserved 1114112K
  class space    used 8351K, committed 9152K, reserved 1048576K
}
Event: 5.029 GC heap after
{Heap after GC invocations=16 (full 0):
 garbage-first heap   total 143360K, used 77832K [0x0000000080000000, 0x0000000100000000)
  region size 1024K, 2 young (2048K), 2 survivors (2048K)
 Metaspace       used 62172K, committed 63808K, reserved 1114112K
  class space    used 8351K, committed 9152K, reserved 1048576K
}
Event: 5.386 GC heap before
{Heap before GC invocations=16 (full 0):
 garbage-first heap   total 143360K, used 125960K [0x0000000080000000, 0x0000000100000000)
  region size 1024K, 49 young (50176K), 2 survivors (2048K)
 Metaspace       used 68510K, committed 70272K, reserved 1114112K
  class space    used 9307K, committed 10176K, reserved 1048576K
}
Event: 5.390 GC heap after
{Heap after GC invocations=17 (full 0):
 garbage-first heap   total 143360K, used 80437K [0x0000000080000000, 0x0000000100000000)
  region size 1024K, 5 young (5120K), 5 survivors (5120K)
 Metaspace       used 68510K, committed 70272K, reserved 1114112K
  class space    used 9307K, committed 10176K, reserved 1048576K
}
Event: 6.170 GC heap before
{Heap before GC invocations=18 (full 0):
 garbage-first heap   total 143360K, used 127541K [0x0000000080000000, 0x0000000100000000)
  region size 1024K, 51 young (52224K), 5 survivors (5120K)
 Metaspace       used 72505K, committed 74304K, reserved 1114112K
  class space    used 9901K, committed 10752K, reserved 1048576K
}
Event: 6.175 GC heap after
{Heap after GC invocations=19 (full 0):
 garbage-first heap   total 143360K, used 84827K [0x0000000080000000, 0x0000000100000000)
  region size 1024K, 7 young (7168K), 7 survivors (7168K)
 Metaspace       used 72505K, committed 74304K, reserved 1114112K
  class space    used 9901K, committed 10752K, reserved 1048576K
}
Event: 6.390 GC heap before
{Heap before GC invocations=19 (full 0):
 garbage-first heap   total 143360K, used 127835K [0x0000000080000000, 0x0000000100000000)
  region size 1024K, 50 young (51200K), 7 survivors (7168K)
 Metaspace       used 72811K, committed 74624K, reserved 1114112K
  class space    used 9903K, committed 10752K, reserved 1048576K
}
Event: 6.396 GC heap after
{Heap after GC invocations=20 (full 0):
 garbage-first heap   total 143360K, used 86488K [0x0000000080000000, 0x0000000100000000)
  region size 1024K, 4 young (4096K), 4 survivors (4096K)
 Metaspace       used 72811K, committed 74624K, reserved 1114112K
  class space    used 9903K, committed 10752K, reserved 1048576K
}
Event: 6.492 GC heap before
{Heap before GC invocations=20 (full 0):
 garbage-first heap   total 143360K, used 128472K [0x0000000080000000, 0x0000000100000000)
  region size 1024K, 46 young (47104K), 4 survivors (4096K)
 Metaspace       used 72971K, committed 74752K, reserved 1114112K
  class space    used 9903K, committed 10752K, reserved 1048576K
}
Event: 6.495 GC heap after
{Heap after GC invocations=21 (full 0):
 garbage-first heap   total 172032K, used 87878K [0x0000000080000000, 0x0000000100000000)
  region size 1024K, 4 young (4096K), 4 survivors (4096K)
 Metaspace       used 72971K, committed 74752K, reserved 1114112K
  class space    used 9903K, committed 10752K, reserved 1048576K
}
Event: 6.812 GC heap before
{Heap before GC invocations=22 (full 0):
 garbage-first heap   total 172032K, used 155462K [0x0000000080000000, 0x0000000100000000)
  region size 1024K, 68 young (69632K), 4 survivors (4096K)
 Metaspace       used 73290K, committed 75072K, reserved 1114112K
  class space    used 9939K, committed 10816K, reserved 1048576K
}
Event: 6.816 GC heap after
{Heap after GC invocations=23 (full 0):
 garbage-first heap   total 172032K, used 93583K [0x0000000080000000, 0x0000000100000000)
  region size 1024K, 7 young (7168K), 7 survivors (7168K)
 Metaspace       used 73290K, committed 75072K, reserved 1114112K
  class space    used 9939K, committed 10816K, reserved 1048576K
}
Event: 7.490 GC heap before
{Heap before GC invocations=23 (full 0):
 garbage-first heap   total 172032K, used 157071K [0x0000000080000000, 0x0000000100000000)
  region size 1024K, 66 young (67584K), 7 survivors (7168K)
 Metaspace       used 78013K, committed 79808K, reserved 1179648K
  class space    used 10467K, committed 11328K, reserved 1048576K
}
Event: 7.496 GC heap after
{Heap after GC invocations=24 (full 0):
 garbage-first heap   total 173056K, used 100723K [0x0000000080000000, 0x0000000100000000)
  region size 1024K, 6 young (6144K), 6 survivors (6144K)
 Metaspace       used 78013K, committed 79808K, reserved 1179648K
  class space    used 10467K, committed 11328K, reserved 1048576K
}
Event: 7.882 GC heap before
{Heap before GC invocations=24 (full 0):
 garbage-first heap   total 173056K, used 137587K [0x0000000080000000, 0x0000000100000000)
  region size 1024K, 44 young (45056K), 6 survivors (6144K)
 Metaspace       used 82696K, committed 84608K, reserved 1179648K
  class space    used 11125K, committed 12032K, reserved 1048576K
}
Event: 7.887 GC heap after
{Heap after GC invocations=25 (full 0):
 garbage-first heap   total 173056K, used 104009K [0x0000000080000000, 0x0000000100000000)
  region size 1024K, 4 young (4096K), 4 survivors (4096K)
 Metaspace       used 82696K, committed 84608K, reserved 1179648K
  class space    used 11125K, committed 12032K, reserved 1048576K
}

