# JRE version: OpenJDK Runtime Environment (21.0.5) (build 21.0.5+-12932927-b750.29)
# Java VM: OpenJDK 64-Bit Server VM (21.0.5+-12932927-b750.29, mixed mode, tiered, compressed oops, compressed class ptrs, g1 gc, windows-amd64)
GC Precious Log:
 CardTable entry size: 512
 Card Set container configuration: InlinePtr #cards 5 size 8 Array Of Cards #cards 12 size 40 Howl #buckets 4 coarsen threshold 1843 Howl Bitmap #cards 512 size 80 coarsen threshold 460 Card regions per heap region 1 cards per card region 2048
 CPUs: 12 total, 12 available
 Memory: 7860M
 Large Page Support: Disabled
 NUMA Support: Disabled
 Compressed Oops: Enabled (32-bit)
 Heap Region Size: 1M
 Heap Min Capacity: 8M
 Heap Initial Capacity: 124M
 Heap Max Capacity: 2G
 Pre-touch: Disabled
 Parallel Workers: 10
 Concurrent Workers: 3
 Concurrent Refinement Workers: 10
 Periodic GC: Disabled
Heap:
 garbage-first heap   total 89088K, used 60939K [0x0000000080000000, 0x0000000100000000)
  region size 1024K, 27 young (27648K), 3 survivors (3072K)
 Metaspace       used 62105K, committed 63680K, reserved 1114112K
  class space    used 8485K, committed 9280K, reserved 1048576K
GC Heap History (20 events):
Event: 1.207 GC heap before
{Heap before GC invocations=2 (full 0):
 garbage-first heap   total 126976K, used 61352K [0x0000000080000000, 0x0000000100000000)
  region size 1024K, 52 young (53248K), 5 survivors (5120K)
 Metaspace       used 14274K, committed 14528K, reserved 1114112K
  class space    used 1559K, committed 1664K, reserved 1048576K
}
Event: 1.215 GC heap after
{Heap after GC invocations=3 (full 0):
 garbage-first heap   total 126976K, used 17937K [0x0000000080000000, 0x0000000100000000)
  region size 1024K, 6 young (6144K), 6 survivors (6144K)
 Metaspace       used 14274K, committed 14528K, reserved 1114112K
  class space    used 1559K, committed 1664K, reserved 1048576K
}
Event: 1.534 GC heap before
{Heap before GC invocations=3 (full 0):
 garbage-first heap   total 126976K, used 41489K [0x0000000080000000, 0x0000000100000000)
  region size 1024K, 30 young (30720K), 6 survivors (6144K)
 Metaspace       used 21176K, committed 21504K, reserved 1114112K
  class space    used 2437K, committed 2624K, reserved 1048576K
}
Event: 1.538 GC heap after
{Heap after GC invocations=4 (full 0):
 garbage-first heap   total 126976K, used 20729K [0x0000000080000000, 0x0000000100000000)
  region size 1024K, 3 young (3072K), 3 survivors (3072K)
 Metaspace       used 21176K, committed 21504K, reserved 1114112K
  class space    used 2437K, committed 2624K, reserved 1048576K
}
Event: 2.228 GC heap before
{Heap before GC invocations=5 (full 0):
 garbage-first heap   total 71680K, used 69881K [0x0000000080000000, 0x0000000100000000)
  region size 1024K, 52 young (53248K), 3 survivors (3072K)
 Metaspace       used 29379K, committed 29888K, reserved 1114112K
  class space    used 3756K, committed 3968K, reserved 1048576K
}
Event: 2.232 GC heap after
{Heap after GC invocations=6 (full 0):
 garbage-first heap   total 77824K, used 23768K [0x0000000080000000, 0x0000000100000000)
  region size 1024K, 6 young (6144K), 6 survivors (6144K)
 Metaspace       used 29379K, committed 29888K, reserved 1114112K
  class space    used 3756K, committed 3968K, reserved 1048576K
}
Event: 2.558 GC heap before
{Heap before GC invocations=6 (full 0):
 garbage-first heap   total 77824K, used 59608K [0x0000000080000000, 0x0000000100000000)
  region size 1024K, 41 young (41984K), 6 survivors (6144K)
 Metaspace       used 34345K, committed 35136K, reserved 1114112K
  class space    used 4576K, committed 4992K, reserved 1048576K
}
Event: 2.562 GC heap after
{Heap after GC invocations=7 (full 0):
 garbage-first heap   total 77824K, used 25950K [0x0000000080000000, 0x0000000100000000)
  region size 1024K, 6 young (6144K), 6 survivors (6144K)
 Metaspace       used 34345K, committed 35136K, reserved 1114112K
  class space    used 4576K, committed 4992K, reserved 1048576K
}
Event: 2.626 GC heap before
{Heap before GC invocations=7 (full 0):
 garbage-first heap   total 77824K, used 33118K [0x0000000080000000, 0x0000000100000000)
  region size 1024K, 14 young (14336K), 6 survivors (6144K)
 Metaspace       used 35235K, committed 36096K, reserved 1114112K
  class space    used 4722K, committed 5120K, reserved 1048576K
}
Event: 2.630 GC heap after
{Heap after GC invocations=8 (full 0):
 garbage-first heap   total 94208K, used 26620K [0x0000000080000000, 0x0000000100000000)
  region size 1024K, 3 young (3072K), 3 survivors (3072K)
 Metaspace       used 35235K, committed 36096K, reserved 1114112K
  class space    used 4722K, committed 5120K, reserved 1048576K
}
Event: 3.406 GC heap before
{Heap before GC invocations=9 (full 0):
 garbage-first heap   total 89088K, used 77820K [0x0000000080000000, 0x0000000100000000)
  region size 1024K, 54 young (55296K), 3 survivors (3072K)
 Metaspace       used 44436K, committed 45696K, reserved 1114112K
  class space    used 5970K, committed 6592K, reserved 1048576K
}
Event: 3.411 GC heap after
{Heap after GC invocations=10 (full 0):
 garbage-first heap   total 89088K, used 30720K [0x0000000080000000, 0x0000000100000000)
  region size 1024K, 7 young (7168K), 7 survivors (7168K)
 Metaspace       used 44436K, committed 45696K, reserved 1114112K
  class space    used 5970K, committed 6592K, reserved 1048576K
}
Event: 3.906 GC heap before
{Heap before GC invocations=10 (full 0):
 garbage-first heap   total 89088K, used 73728K [0x0000000080000000, 0x0000000100000000)
  region size 1024K, 50 young (51200K), 7 survivors (7168K)
 Metaspace       used 46627K, committed 47872K, reserved 1114112K
  class space    used 6228K, committed 6848K, reserved 1048576K
}
Event: 3.914 GC heap after
{Heap after GC invocations=11 (full 0):
 garbage-first heap   total 89088K, used 33036K [0x0000000080000000, 0x0000000100000000)
  region size 1024K, 3 young (3072K), 3 survivors (3072K)
 Metaspace       used 46627K, committed 47872K, reserved 1114112K
  class space    used 6228K, committed 6848K, reserved 1048576K
}
Event: 5.091 GC heap before
{Heap before GC invocations=11 (full 0):
 garbage-first heap   total 89088K, used 76044K [0x0000000080000000, 0x0000000100000000)
  region size 1024K, 45 young (46080K), 3 survivors (3072K)
 Metaspace       used 50896K, committed 52416K, reserved 1114112K
  class space    used 6927K, committed 7680K, reserved 1048576K
}
Event: 5.094 GC heap after
{Heap after GC invocations=12 (full 0):
 garbage-first heap   total 89088K, used 35057K [0x0000000080000000, 0x0000000100000000)
  region size 1024K, 5 young (5120K), 5 survivors (5120K)
 Metaspace       used 50896K, committed 52416K, reserved 1114112K
  class space    used 6927K, committed 7680K, reserved 1048576K
}
Event: 7.209 GC heap before
{Heap before GC invocations=12 (full 0):
 garbage-first heap   total 89088K, used 78065K [0x0000000080000000, 0x0000000100000000)
  region size 1024K, 46 young (47104K), 5 survivors (5120K)
 Metaspace       used 57172K, committed 58688K, reserved 1114112K
  class space    used 7697K, committed 8448K, reserved 1048576K
}
Event: 7.221 GC heap after
{Heap after GC invocations=13 (full 0):
 garbage-first heap   total 89088K, used 37212K [0x0000000080000000, 0x0000000100000000)
  region size 1024K, 5 young (5120K), 5 survivors (5120K)
 Metaspace       used 57172K, committed 58688K, reserved 1114112K
  class space    used 7697K, committed 8448K, reserved 1048576K
}
Event: 7.656 GC heap before
{Heap before GC invocations=13 (full 0):
 garbage-first heap   total 89088K, used 47452K [0x0000000080000000, 0x0000000100000000)
  region size 1024K, 16 young (16384K), 5 survivors (5120K)
 Metaspace       used 58773K, committed 60288K, reserved 1114112K
  class space    used 7939K, committed 8704K, reserved 1048576K
}
Event: 7.661 GC heap after
{Heap after GC invocations=14 (full 0):
 garbage-first heap   total 89088K, used 37387K [0x0000000080000000, 0x0000000100000000)
  region size 1024K, 3 young (3072K), 3 survivors (3072K)
 Metaspace       used 58773K, committed 60288K, reserved 1114112K
  class space    used 7939K, committed 8704K, reserved 1048576K
}

