# JRE version: OpenJDK Runtime Environment (21.0.5) (build 21.0.5+-12932927-b750.29)
# Java VM: OpenJDK 64-Bit Server VM (21.0.5+-12932927-b750.29, mixed mode, tiered, compressed oops, compressed class ptrs, g1 gc, windows-amd64)
GC Precious Log:
 CardTable entry size: 512
 Card Set container configuration: InlinePtr #cards 5 size 8 Array Of Cards #cards 12 size 40 Howl #buckets 4 coarsen threshold 1843 Howl Bitmap #cards 512 size 80 coarsen threshold 460 Card regions per heap region 1 cards per card region 2048
 CPUs: 12 total, 12 available
 Memory: 7860M
 Large Page Support: Disabled
 NUMA Support: Disabled
 Compressed Oops: Enabled (32-bit)
 Heap Region Size: 1M
 Heap Min Capacity: 8M
 Heap Initial Capacity: 124M
 Heap Max Capacity: 2G
 Pre-touch: Disabled
 Parallel Workers: 10
 Concurrent Workers: 3
 Concurrent Refinement Workers: 10
 Periodic GC: Disabled
Heap:
 garbage-first heap   total 248832K, used 141811K [0x0000000080000000, 0x0000000100000000)
  region size 1024K, 4 young (4096K), 4 survivors (4096K)
 Metaspace       used 123802K, committed 126208K, reserved 1179648K
  class space    used 16690K, committed 17920K, reserved 1048576K
GC Heap History (20 events):
Event: 16.590 GC heap after
{Heap after GC invocations=39 (full 0):
 garbage-first heap   total 167936K, used 119308K [0x0000000080000000, 0x0000000100000000)
  region size 1024K, 5 young (5120K), 5 survivors (5120K)
 Metaspace       used 105954K, committed 108096K, reserved 1179648K
  class space    used 14487K, committed 15552K, reserved 1048576K
}
Event: 16.601 GC heap before
{Heap before GC invocations=39 (full 0):
 garbage-first heap   total 167936K, used 121356K [0x0000000080000000, 0x0000000100000000)
  region size 1024K, 8 young (8192K), 5 survivors (5120K)
 Metaspace       used 105971K, committed 108160K, reserved 1179648K
  class space    used 14488K, committed 15552K, reserved 1048576K
}
Event: 16.606 GC heap after
{Heap after GC invocations=40 (full 0):
 garbage-first heap   total 212992K, used 122812K [0x0000000080000000, 0x0000000100000000)
  region size 1024K, 3 young (3072K), 3 survivors (3072K)
 Metaspace       used 105971K, committed 108160K, reserved 1179648K
  class space    used 14488K, committed 15552K, reserved 1048576K
}
Event: 16.610 GC heap before
{Heap before GC invocations=40 (full 0):
 garbage-first heap   total 212992K, used 123836K [0x0000000080000000, 0x0000000100000000)
  region size 1024K, 4 young (4096K), 3 survivors (3072K)
 Metaspace       used 105971K, committed 108160K, reserved 1179648K
  class space    used 14488K, committed 15552K, reserved 1048576K
}
Event: 16.613 GC heap after
{Heap after GC invocations=41 (full 0):
 garbage-first heap   total 212992K, used 122961K [0x0000000080000000, 0x0000000100000000)
  region size 1024K, 2 young (2048K), 2 survivors (2048K)
 Metaspace       used 105971K, committed 108160K, reserved 1179648K
  class space    used 14488K, committed 15552K, reserved 1048576K
}
Event: 17.140 GC heap before
{Heap before GC invocations=42 (full 0):
 garbage-first heap   total 247808K, used 187473K [0x0000000080000000, 0x0000000100000000)
  region size 1024K, 42 young (43008K), 2 survivors (2048K)
 Metaspace       used 107863K, committed 110016K, reserved 1179648K
  class space    used 14700K, committed 15808K, reserved 1048576K
}
Event: 17.145 GC heap after
{Heap after GC invocations=43 (full 0):
 garbage-first heap   total 247808K, used 125970K [0x0000000080000000, 0x0000000100000000)
  region size 1024K, 6 young (6144K), 6 survivors (6144K)
 Metaspace       used 107863K, committed 110016K, reserved 1179648K
  class space    used 14700K, committed 15808K, reserved 1048576K
}
Event: 17.475 GC heap before
{Heap before GC invocations=43 (full 0):
 garbage-first heap   total 247808K, used 189458K [0x0000000080000000, 0x0000000100000000)
  region size 1024K, 69 young (70656K), 6 survivors (6144K)
 Metaspace       used 108872K, committed 111104K, reserved 1179648K
  class space    used 14808K, committed 15936K, reserved 1048576K
}
Event: 17.482 GC heap after
{Heap after GC invocations=44 (full 0):
 garbage-first heap   total 247808K, used 125549K [0x0000000080000000, 0x0000000100000000)
  region size 1024K, 6 young (6144K), 6 survivors (6144K)
 Metaspace       used 108872K, committed 111104K, reserved 1179648K
  class space    used 14808K, committed 15936K, reserved 1048576K
}
Event: 17.846 GC heap before
{Heap before GC invocations=44 (full 0):
 garbage-first heap   total 247808K, used 200301K [0x0000000080000000, 0x0000000100000000)
  region size 1024K, 80 young (81920K), 6 survivors (6144K)
 Metaspace       used 109519K, committed 111744K, reserved 1179648K
  class space    used 14874K, committed 16000K, reserved 1048576K
}
Event: 17.853 GC heap after
{Heap after GC invocations=45 (full 0):
 garbage-first heap   total 247808K, used 129437K [0x0000000080000000, 0x0000000100000000)
  region size 1024K, 9 young (9216K), 9 survivors (9216K)
 Metaspace       used 109519K, committed 111744K, reserved 1179648K
  class space    used 14874K, committed 16000K, reserved 1048576K
}
Event: 18.246 GC heap before
{Heap before GC invocations=46 (full 0):
 garbage-first heap   total 247808K, used 206237K [0x0000000080000000, 0x0000000100000000)
  region size 1024K, 85 young (87040K), 9 survivors (9216K)
 Metaspace       used 110169K, committed 112320K, reserved 1179648K
  class space    used 14945K, committed 16064K, reserved 1048576K
}
Event: 18.253 GC heap after
{Heap after GC invocations=47 (full 0):
 garbage-first heap   total 247808K, used 132957K [0x0000000080000000, 0x0000000100000000)
  region size 1024K, 6 young (6144K), 6 survivors (6144K)
 Metaspace       used 110169K, committed 112320K, reserved 1179648K
  class space    used 14945K, committed 16064K, reserved 1048576K
}
Event: 19.884 GC heap before
{Heap before GC invocations=47 (full 0):
 garbage-first heap   total 247808K, used 209757K [0x0000000080000000, 0x0000000100000000)
  region size 1024K, 82 young (83968K), 6 survivors (6144K)
 Metaspace       used 110856K, committed 113088K, reserved 1179648K
  class space    used 15015K, committed 16128K, reserved 1048576K
}
Event: 19.892 GC heap after
{Heap after GC invocations=48 (full 0):
 garbage-first heap   total 247808K, used 122360K [0x0000000080000000, 0x0000000100000000)
  region size 1024K, 9 young (9216K), 9 survivors (9216K)
 Metaspace       used 110856K, committed 113088K, reserved 1179648K
  class space    used 15015K, committed 16128K, reserved 1048576K
}
Event: 20.288 GC heap before
{Heap before GC invocations=48 (full 0):
 garbage-first heap   total 247808K, used 186872K [0x0000000080000000, 0x0000000100000000)
  region size 1024K, 74 young (75776K), 9 survivors (9216K)
 Metaspace       used 113709K, committed 115904K, reserved 1179648K
  class space    used 15391K, committed 16512K, reserved 1048576K
}
Event: 20.301 GC heap after
{Heap after GC invocations=49 (full 0):
 garbage-first heap   total 247808K, used 134136K [0x0000000080000000, 0x0000000100000000)
  region size 1024K, 13 young (13312K), 13 survivors (13312K)
 Metaspace       used 113709K, committed 115904K, reserved 1179648K
  class space    used 15391K, committed 16512K, reserved 1048576K
}
Event: 21.142 GC heap before
{Heap before GC invocations=50 (full 0):
 garbage-first heap   total 247808K, used 217080K [0x0000000080000000, 0x0000000100000000)
  region size 1024K, 92 young (94208K), 13 survivors (13312K)
 Metaspace       used 120159K, committed 122432K, reserved 1179648K
  class space    used 16197K, committed 17344K, reserved 1048576K
}
Event: 21.161 GC heap after
{Heap after GC invocations=51 (full 0):
 garbage-first heap   total 248832K, used 152496K [0x0000000080000000, 0x0000000100000000)
  region size 1024K, 12 young (12288K), 12 survivors (12288K)
 Metaspace       used 120159K, committed 122432K, reserved 1179648K
  class space    used 16197K, committed 17344K, reserved 1048576K
}
Event: 21.690 GC heap before
{Heap before GC invocations=51 (full 0):
 garbage-first heap   total 248832K, used 213936K [0x0000000080000000, 0x0000000100000000)
  region size 1024K, 71 young (72704K), 12 survivors (12288K)
 Metaspace       used 123802K, committed 126208K, reserved 1179648K
  class space    used 16690K, committed 17920K, reserved 1048576K
}

