# JRE version: OpenJDK Runtime Environment (21.0.5) (build 21.0.5+-12932927-b750.29)
# Java VM: OpenJDK 64-Bit Server VM (21.0.5+-12932927-b750.29, mixed mode, tiered, compressed oops, compressed class ptrs, g1 gc, windows-amd64)
GC Precious Log:
 CardTable entry size: 512
 Card Set container configuration: InlinePtr #cards 5 size 8 Array Of Cards #cards 12 size 40 Howl #buckets 4 coarsen threshold 1843 Howl Bitmap #cards 512 size 80 coarsen threshold 460 Card regions per heap region 1 cards per card region 2048
 CPUs: 12 total, 12 available
 Memory: 7860M
 Large Page Support: Disabled
 NUMA Support: Disabled
 Compressed Oops: Enabled (32-bit)
 Heap Region Size: 1M
 Heap Min Capacity: 8M
 Heap Initial Capacity: 124M
 Heap Max Capacity: 2G
 Pre-touch: Disabled
 Parallel Workers: 10
 Concurrent Workers: 3
 Concurrent Refinement Workers: 10
 Periodic GC: Disabled
Heap:
 garbage-first heap   total 142336K, used 77412K [0x0000000080000000, 0x0000000100000000)
  region size 1024K, 27 young (27648K), 10 survivors (10240K)
 Metaspace       used 74679K, committed 76416K, reserved 1179648K
  class space    used 10069K, committed 10944K, reserved 1048576K
GC Heap History (20 events):
Event: 3.614 GC heap before
{Heap before GC invocations=7 (full 0):
 garbage-first heap   total 101376K, used 29054K [0x0000000080000000, 0x0000000100000000)
  region size 1024K, 10 young (10240K), 6 survivors (6144K)
 Metaspace       used 35565K, committed 36416K, reserved 1114112K
  class space    used 4776K, committed 5184K, reserved 1048576K
}
Event: 3.620 GC heap after
{Heap after GC invocations=8 (full 0):
 garbage-first heap   total 101376K, used 26272K [0x0000000080000000, 0x0000000100000000)
  region size 1024K, 4 young (4096K), 4 survivors (4096K)
 Metaspace       used 35565K, committed 36416K, reserved 1114112K
  class space    used 4776K, committed 5184K, reserved 1048576K
}
Event: 4.425 GC heap before
{Heap before GC invocations=9 (full 0):
 garbage-first heap   total 92160K, used 81568K [0x0000000080000000, 0x0000000100000000)
  region size 1024K, 59 young (60416K), 4 survivors (4096K)
 Metaspace       used 45533K, committed 46656K, reserved 1114112K
  class space    used 6056K, committed 6592K, reserved 1048576K
}
Event: 4.468 GC heap after
{Heap after GC invocations=10 (full 0):
 garbage-first heap   total 92160K, used 31138K [0x0000000080000000, 0x0000000100000000)
  region size 1024K, 8 young (8192K), 8 survivors (8192K)
 Metaspace       used 45533K, committed 46656K, reserved 1114112K
  class space    used 6056K, committed 6592K, reserved 1048576K
}
Event: 4.756 GC heap before
{Heap before GC invocations=10 (full 0):
 garbage-first heap   total 92160K, used 78242K [0x0000000080000000, 0x0000000100000000)
  region size 1024K, 54 young (55296K), 8 survivors (8192K)
 Metaspace       used 46633K, committed 47808K, reserved 1114112K
  class space    used 6222K, committed 6784K, reserved 1048576K
}
Event: 4.763 GC heap after
{Heap after GC invocations=11 (full 0):
 garbage-first heap   total 113664K, used 32150K [0x0000000080000000, 0x0000000100000000)
  region size 1024K, 3 young (3072K), 3 survivors (3072K)
 Metaspace       used 46633K, committed 47808K, reserved 1114112K
  class space    used 6222K, committed 6784K, reserved 1048576K
}
Event: 5.971 GC heap before
{Heap before GC invocations=11 (full 0):
 garbage-first heap   total 113664K, used 97686K [0x0000000080000000, 0x0000000100000000)
  region size 1024K, 66 young (67584K), 3 survivors (3072K)
 Metaspace       used 55922K, committed 57408K, reserved 1114112K
  class space    used 7515K, committed 8256K, reserved 1048576K
}
Event: 5.979 GC heap after
{Heap after GC invocations=12 (full 0):
 garbage-first heap   total 113664K, used 35653K [0x0000000080000000, 0x0000000100000000)
  region size 1024K, 6 young (6144K), 6 survivors (6144K)
 Metaspace       used 55922K, committed 57408K, reserved 1114112K
  class space    used 7515K, committed 8256K, reserved 1048576K
}
Event: 6.391 GC heap before
{Heap before GC invocations=12 (full 0):
 garbage-first heap   total 113664K, used 58181K [0x0000000080000000, 0x0000000100000000)
  region size 1024K, 30 young (30720K), 6 survivors (6144K)
 Metaspace       used 59466K, committed 60928K, reserved 1114112K
  class space    used 8043K, committed 8768K, reserved 1048576K
}
Event: 6.398 GC heap after
{Heap after GC invocations=13 (full 0):
 garbage-first heap   total 113664K, used 37038K [0x0000000080000000, 0x0000000100000000)
  region size 1024K, 6 young (6144K), 6 survivors (6144K)
 Metaspace       used 59466K, committed 60928K, reserved 1114112K
  class space    used 8043K, committed 8768K, reserved 1048576K
}
Event: 8.339 GC heap before
{Heap before GC invocations=14 (full 0):
 garbage-first heap   total 113664K, used 98478K [0x0000000080000000, 0x0000000100000000)
  region size 1024K, 66 young (67584K), 6 survivors (6144K)
 Metaspace       used 65643K, committed 67328K, reserved 1114112K
  class space    used 8973K, committed 9792K, reserved 1048576K
}
Event: 8.361 GC heap after
{Heap after GC invocations=15 (full 0):
 garbage-first heap   total 113664K, used 43680K [0x0000000080000000, 0x0000000100000000)
  region size 1024K, 8 young (8192K), 8 survivors (8192K)
 Metaspace       used 65643K, committed 67328K, reserved 1114112K
  class space    used 8973K, committed 9792K, reserved 1048576K
}
Event: 8.977 GC heap before
{Heap before GC invocations=15 (full 0):
 garbage-first heap   total 113664K, used 97952K [0x0000000080000000, 0x0000000100000000)
  region size 1024K, 61 young (62464K), 8 survivors (8192K)
 Metaspace       used 66404K, committed 68096K, reserved 1114112K
  class space    used 9034K, committed 9856K, reserved 1048576K
}
Event: 8.986 GC heap after
{Heap after GC invocations=16 (full 0):
 garbage-first heap   total 113664K, used 46007K [0x0000000080000000, 0x0000000100000000)
  region size 1024K, 4 young (4096K), 4 survivors (4096K)
 Metaspace       used 66404K, committed 68096K, reserved 1114112K
  class space    used 9034K, committed 9856K, reserved 1048576K
}
Event: 9.519 GC heap before
{Heap before GC invocations=16 (full 0):
 garbage-first heap   total 113664K, used 100279K [0x0000000080000000, 0x0000000100000000)
  region size 1024K, 58 young (59392K), 4 survivors (4096K)
 Metaspace       used 66615K, committed 68288K, reserved 1114112K
  class space    used 9035K, committed 9856K, reserved 1048576K
}
Event: 9.524 GC heap after
{Heap after GC invocations=17 (full 0):
 garbage-first heap   total 137216K, used 46956K [0x0000000080000000, 0x0000000100000000)
  region size 1024K, 5 young (5120K), 5 survivors (5120K)
 Metaspace       used 66615K, committed 68288K, reserved 1114112K
  class space    used 9035K, committed 9856K, reserved 1048576K
}
Event: 9.763 GC heap before
{Heap before GC invocations=17 (full 0):
 garbage-first heap   total 137216K, used 85868K [0x0000000080000000, 0x0000000100000000)
  region size 1024K, 45 young (46080K), 5 survivors (5120K)
 Metaspace       used 66854K, committed 68544K, reserved 1114112K
  class space    used 9072K, committed 9920K, reserved 1048576K
}
Event: 9.769 GC heap after
{Heap after GC invocations=18 (full 0):
 garbage-first heap   total 137216K, used 48420K [0x0000000080000000, 0x0000000100000000)
  region size 1024K, 7 young (7168K), 7 survivors (7168K)
 Metaspace       used 66854K, committed 68544K, reserved 1114112K
  class space    used 9072K, committed 9920K, reserved 1048576K
}
Event: 10.934 GC heap before
{Heap before GC invocations=19 (full 0):
 garbage-first heap   total 137216K, used 127268K [0x0000000080000000, 0x0000000100000000)
  region size 1024K, 78 young (79872K), 7 survivors (7168K)
 Metaspace       used 72841K, committed 74560K, reserved 1114112K
  class space    used 9795K, committed 10624K, reserved 1048576K
}
Event: 10.943 GC heap after
{Heap after GC invocations=20 (full 0):
 garbage-first heap   total 142336K, used 61028K [0x0000000080000000, 0x0000000100000000)
  region size 1024K, 10 young (10240K), 10 survivors (10240K)
 Metaspace       used 72841K, committed 74560K, reserved 1114112K
  class space    used 9795K, committed 10624K, reserved 1048576K
}

