# JRE version: OpenJDK Runtime Environment (21.0.5) (build 21.0.5+-12932927-b750.29)
# Java VM: OpenJDK 64-Bit Server VM (21.0.5+-12932927-b750.29, mixed mode, tiered, compressed oops, compressed class ptrs, g1 gc, windows-amd64)
GC Precious Log:
 CardTable entry size: 512
 Card Set container configuration: InlinePtr #cards 5 size 8 Array Of Cards #cards 12 size 40 Howl #buckets 4 coarsen threshold 1843 Howl Bitmap #cards 512 size 80 coarsen threshold 460 Card regions per heap region 1 cards per card region 2048
 CPUs: 12 total, 12 available
 Memory: 7860M
 Large Page Support: Disabled
 NUMA Support: Disabled
 Compressed Oops: Enabled (32-bit)
 Heap Region Size: 1M
 Heap Min Capacity: 8M
 Heap Initial Capacity: 124M
 Heap Max Capacity: 2G
 Pre-touch: Disabled
 Parallel Workers: 10
 Concurrent Workers: 3
 Concurrent Refinement Workers: 10
 Periodic GC: Disabled
Heap:
 garbage-first heap   total 310272K, used 222432K [0x0000000080000000, 0x0000000100000000)
  region size 1024K, 9 young (9216K), 6 survivors (6144K)
 Metaspace       used 129609K, committed 132032K, reserved 1179648K
  class space    used 17276K, committed 18496K, reserved 1048576K
GC Heap History (20 events):
Event: 24.378 GC heap before
{Heap before GC invocations=41 (full 0):
 garbage-first heap   total 245760K, used 223558K [0x0000000080000000, 0x0000000100000000)
  region size 1024K, 82 young (83968K), 7 survivors (7168K)
 Metaspace       used 106110K, committed 108416K, reserved 1179648K
  class space    used 14484K, committed 15616K, reserved 1048576K
}
Event: 24.383 GC heap after
{Heap after GC invocations=42 (full 0):
 garbage-first heap   total 245760K, used 149263K [0x0000000080000000, 0x0000000100000000)
  region size 1024K, 8 young (8192K), 8 survivors (8192K)
 Metaspace       used 106110K, committed 108416K, reserved 1179648K
  class space    used 14484K, committed 15616K, reserved 1048576K
}
Event: 25.033 GC heap before
{Heap before GC invocations=43 (full 0):
 garbage-first heap   total 250880K, used 224015K [0x0000000080000000, 0x0000000100000000)
  region size 1024K, 80 young (81920K), 8 survivors (8192K)
 Metaspace       used 112032K, committed 114304K, reserved 1179648K
  class space    used 15248K, committed 16384K, reserved 1048576K
}
Event: 25.038 GC heap after
{Heap after GC invocations=44 (full 0):
 garbage-first heap   total 250880K, used 151985K [0x0000000080000000, 0x0000000100000000)
  region size 1024K, 8 young (8192K), 8 survivors (8192K)
 Metaspace       used 112032K, committed 114304K, reserved 1179648K
  class space    used 15248K, committed 16384K, reserved 1048576K
}
Event: 26.175 GC heap before
{Heap before GC invocations=44 (full 0):
 garbage-first heap   total 250880K, used 232881K [0x0000000080000000, 0x0000000100000000)
  region size 1024K, 83 young (84992K), 8 survivors (8192K)
 Metaspace       used 119736K, committed 122048K, reserved 1179648K
  class space    used 16085K, committed 17216K, reserved 1048576K
}
Event: 26.187 GC heap after
{Heap after GC invocations=45 (full 0):
 garbage-first heap   total 250880K, used 155528K [0x0000000080000000, 0x0000000100000000)
  region size 1024K, 11 young (11264K), 11 survivors (11264K)
 Metaspace       used 119736K, committed 122048K, reserved 1179648K
  class space    used 16085K, committed 17216K, reserved 1048576K
}
Event: 26.408 GC heap before
{Heap before GC invocations=45 (full 0):
 garbage-first heap   total 250880K, used 226184K [0x0000000080000000, 0x0000000100000000)
  region size 1024K, 80 young (81920K), 11 survivors (11264K)
 Metaspace       used 119801K, committed 122112K, reserved 1179648K
  class space    used 16091K, committed 17216K, reserved 1048576K
}
Event: 26.416 GC heap after
{Heap after GC invocations=46 (full 0):
 garbage-first heap   total 250880K, used 157979K [0x0000000080000000, 0x0000000100000000)
  region size 1024K, 5 young (5120K), 5 survivors (5120K)
 Metaspace       used 119801K, committed 122112K, reserved 1179648K
  class space    used 16091K, committed 17216K, reserved 1048576K
}
Event: 27.062 GC heap before
{Heap before GC invocations=47 (full 0):
 garbage-first heap   total 265216K, used 229659K [0x0000000080000000, 0x0000000100000000)
  region size 1024K, 76 young (77824K), 5 survivors (5120K)
 Metaspace       used 121249K, committed 123584K, reserved 1179648K
  class space    used 16279K, committed 17408K, reserved 1048576K
}
Event: 27.069 GC heap after
{Heap after GC invocations=48 (full 0):
 garbage-first heap   total 265216K, used 162705K [0x0000000080000000, 0x0000000100000000)
  region size 1024K, 10 young (10240K), 10 survivors (10240K)
 Metaspace       used 121249K, committed 123584K, reserved 1179648K
  class space    used 16279K, committed 17408K, reserved 1048576K
}
Event: 34.260 GC heap before
{Heap before GC invocations=48 (full 0):
 garbage-first heap   total 265216K, used 239505K [0x0000000080000000, 0x0000000100000000)
  region size 1024K, 85 young (87040K), 10 survivors (10240K)
 Metaspace       used 123798K, committed 126272K, reserved 1179648K
  class space    used 16575K, committed 17792K, reserved 1048576K
}
Event: 34.268 GC heap after
{Heap after GC invocations=49 (full 0):
 garbage-first heap   total 265216K, used 165002K [0x0000000080000000, 0x0000000100000000)
  region size 1024K, 4 young (4096K), 4 survivors (4096K)
 Metaspace       used 123798K, committed 126272K, reserved 1179648K
  class space    used 16575K, committed 17792K, reserved 1048576K
}
Event: 34.938 GC heap before
{Heap before GC invocations=49 (full 0):
 garbage-first heap   total 265216K, used 244874K [0x0000000080000000, 0x0000000100000000)
  region size 1024K, 82 young (83968K), 4 survivors (4096K)
 Metaspace       used 125833K, committed 128320K, reserved 1179648K
  class space    used 16835K, committed 18048K, reserved 1048576K
}
Event: 34.946 GC heap after
{Heap after GC invocations=50 (full 0):
 garbage-first heap   total 265216K, used 172660K [0x0000000080000000, 0x0000000100000000)
  region size 1024K, 11 young (11264K), 11 survivors (11264K)
 Metaspace       used 125833K, committed 128320K, reserved 1179648K
  class space    used 16835K, committed 18048K, reserved 1048576K
}
Event: 35.617 GC heap before
{Heap before GC invocations=51 (full 0):
 garbage-first heap   total 288768K, used 237172K [0x0000000080000000, 0x0000000100000000)
  region size 1024K, 75 young (76800K), 11 survivors (11264K)
 Metaspace       used 127365K, committed 129920K, reserved 1179648K
  class space    used 17088K, committed 18368K, reserved 1048576K
}
Event: 35.628 GC heap after
{Heap after GC invocations=52 (full 0):
 garbage-first heap   total 288768K, used 180425K [0x0000000080000000, 0x0000000100000000)
  region size 1024K, 8 young (8192K), 8 survivors (8192K)
 Metaspace       used 127365K, committed 129920K, reserved 1179648K
  class space    used 17088K, committed 18368K, reserved 1048576K
}
Event: 36.629 GC heap before
{Heap before GC invocations=52 (full 0):
 garbage-first heap   total 288768K, used 272585K [0x0000000080000000, 0x0000000100000000)
  region size 1024K, 90 young (92160K), 8 survivors (8192K)
 Metaspace       used 129116K, committed 131648K, reserved 1179648K
  class space    used 17228K, committed 18496K, reserved 1048576K
}
Event: 36.651 GC heap after
{Heap after GC invocations=53 (full 0):
 garbage-first heap   total 310272K, used 205782K [0x0000000080000000, 0x0000000100000000)
  region size 1024K, 12 young (12288K), 12 survivors (12288K)
 Metaspace       used 129116K, committed 131648K, reserved 1179648K
  class space    used 17228K, committed 18496K, reserved 1048576K
}
Event: 36.926 GC heap before
{Heap before GC invocations=53 (full 0):
 garbage-first heap   total 310272K, used 227286K [0x0000000080000000, 0x0000000100000000)
  region size 1024K, 34 young (34816K), 12 survivors (12288K)
 Metaspace       used 129514K, committed 131968K, reserved 1179648K
  class space    used 17265K, committed 18496K, reserved 1048576K
}
Event: 36.936 GC heap after
{Heap after GC invocations=54 (full 0):
 garbage-first heap   total 310272K, used 213216K [0x0000000080000000, 0x0000000100000000)
  region size 1024K, 6 young (6144K), 6 survivors (6144K)
 Metaspace       used 129514K, committed 131968K, reserved 1179648K
  class space    used 17265K, committed 18496K, reserved 1048576K
}

