# JRE version: OpenJDK Runtime Environment (21.0.5) (build 21.0.5+-12932927-b750.29)
# Java VM: OpenJDK 64-Bit Server VM (21.0.5+-12932927-b750.29, mixed mode, tiered, compressed oops, compressed class ptrs, g1 gc, windows-amd64)
GC Precious Log:
 CardTable entry size: 512
 Card Set container configuration: InlinePtr #cards 5 size 8 Array Of Cards #cards 12 size 40 Howl #buckets 4 coarsen threshold 1843 Howl Bitmap #cards 512 size 80 coarsen threshold 460 Card regions per heap region 1 cards per card region 2048
 CPUs: 12 total, 12 available
 Memory: 7860M
 Large Page Support: Disabled
 NUMA Support: Disabled
 Compressed Oops: Enabled (32-bit)
 Heap Region Size: 1M
 Heap Min Capacity: 8M
 Heap Initial Capacity: 124M
 Heap Max Capacity: 2G
 Pre-touch: Disabled
 Parallel Workers: 10
 Concurrent Workers: 3
 Concurrent Refinement Workers: 10
 Periodic GC: Disabled
Heap:
 garbage-first heap   total 345088K, used 304305K [0x0000000080000000, 0x0000000100000000)
  region size 1024K, 84 young (86016K), 11 survivors (11264K)
 Metaspace       used 143295K, committed 145600K, reserved 1179648K
  class space    used 19649K, committed 20800K, reserved 1048576K
GC Heap History (20 events):
Event: 30.858 GC heap before
{Heap before GC invocations=56 (full 0):
 garbage-first heap   total 224256K, used 195351K [0x0000000080000000, 0x0000000100000000)
  region size 1024K, 65 young (66560K), 4 survivors (4096K)
 Metaspace       used 131292K, committed 133504K, reserved 1179648K
  class space    used 18192K, committed 19264K, reserved 1048576K
}
Event: 30.863 GC heap after
{Heap after GC invocations=57 (full 0):
 garbage-first heap   total 224256K, used 133186K [0x0000000080000000, 0x0000000100000000)
  region size 1024K, 4 young (4096K), 4 survivors (4096K)
 Metaspace       used 131292K, committed 133504K, reserved 1179648K
  class space    used 18192K, committed 19264K, reserved 1048576K
}
Event: 31.516 GC heap before
{Heap before GC invocations=57 (full 0):
 garbage-first heap   total 242688K, used 240706K [0x0000000080000000, 0x0000000100000000)
  region size 1024K, 60 young (61440K), 4 survivors (4096K)
 Metaspace       used 134980K, committed 137280K, reserved 1179648K
  class space    used 18824K, committed 19968K, reserved 1048576K
}
Event: 31.524 GC heap after
{Heap after GC invocations=58 (full 0):
 garbage-first heap   total 249856K, used 130312K [0x0000000080000000, 0x0000000100000000)
  region size 1024K, 4 young (4096K), 4 survivors (4096K)
 Metaspace       used 134980K, committed 137280K, reserved 1179648K
  class space    used 18824K, committed 19968K, reserved 1048576K
}
Event: 628.635 GC heap before
{Heap before GC invocations=58 (full 0):
 garbage-first heap   total 249856K, used 223496K [0x0000000080000000, 0x0000000100000000)
  region size 1024K, 95 young (97280K), 4 survivors (4096K)
 Metaspace       used 137536K, committed 139840K, reserved 1179648K
  class space    used 19125K, committed 20288K, reserved 1048576K
}
Event: 628.749 GC heap after
{Heap after GC invocations=59 (full 0):
 garbage-first heap   total 249856K, used 134288K [0x0000000080000000, 0x0000000100000000)
  region size 1024K, 8 young (8192K), 8 survivors (8192K)
 Metaspace       used 137536K, committed 139840K, reserved 1179648K
  class space    used 19125K, committed 20288K, reserved 1048576K
}
Event: 632.747 GC heap before
{Heap before GC invocations=60 (full 0):
 garbage-first heap   total 249856K, used 235664K [0x0000000080000000, 0x0000000100000000)
  region size 1024K, 99 young (101376K), 8 survivors (8192K)
 Metaspace       used 138298K, committed 140608K, reserved 1179648K
  class space    used 19142K, committed 20288K, reserved 1048576K
}
Event: 632.770 GC heap after
{Heap after GC invocations=61 (full 0):
 garbage-first heap   total 265216K, used 156565K [0x0000000080000000, 0x0000000100000000)
  region size 1024K, 13 young (13312K), 13 survivors (13312K)
 Metaspace       used 138298K, committed 140608K, reserved 1179648K
  class space    used 19142K, committed 20288K, reserved 1048576K
}
Event: 633.544 GC heap before
{Heap before GC invocations=61 (full 0):
 garbage-first heap   total 265216K, used 242581K [0x0000000080000000, 0x0000000100000000)
  region size 1024K, 90 young (92160K), 13 survivors (13312K)
 Metaspace       used 138524K, committed 140800K, reserved 1179648K
  class space    used 19151K, committed 20288K, reserved 1048576K
}
Event: 633.568 GC heap after
{Heap after GC invocations=62 (full 0):
 garbage-first heap   total 282624K, used 176337K [0x0000000080000000, 0x0000000100000000)
  region size 1024K, 12 young (12288K), 12 survivors (12288K)
 Metaspace       used 138524K, committed 140800K, reserved 1179648K
  class space    used 19151K, committed 20288K, reserved 1048576K
}
Event: 633.578 GC heap before
{Heap before GC invocations=62 (full 0):
 garbage-first heap   total 282624K, used 178385K [0x0000000080000000, 0x0000000100000000)
  region size 1024K, 16 young (16384K), 12 survivors (12288K)
 Metaspace       used 138524K, committed 140800K, reserved 1179648K
  class space    used 19151K, committed 20288K, reserved 1048576K
}
Event: 633.588 GC heap after
{Heap after GC invocations=63 (full 0):
 garbage-first heap   total 282624K, used 181800K [0x0000000080000000, 0x0000000100000000)
  region size 1024K, 4 young (4096K), 4 survivors (4096K)
 Metaspace       used 138524K, committed 140800K, reserved 1179648K
  class space    used 19151K, committed 20288K, reserved 1048576K
}
Event: 633.796 GC heap before
{Heap before GC invocations=64 (full 0):
 garbage-first heap   total 345088K, used 247336K [0x0000000080000000, 0x0000000100000000)
  region size 1024K, 45 young (46080K), 4 survivors (4096K)
 Metaspace       used 139916K, committed 142144K, reserved 1179648K
  class space    used 19183K, committed 20288K, reserved 1048576K
}
Event: 633.804 GC heap after
{Heap after GC invocations=65 (full 0):
 garbage-first heap   total 345088K, used 187973K [0x0000000080000000, 0x0000000100000000)
  region size 1024K, 6 young (6144K), 6 survivors (6144K)
 Metaspace       used 139916K, committed 142144K, reserved 1179648K
  class space    used 19183K, committed 20288K, reserved 1048576K
}
Event: 634.073 GC heap before
{Heap before GC invocations=65 (full 0):
 garbage-first heap   total 345088K, used 261701K [0x0000000080000000, 0x0000000100000000)
  region size 1024K, 79 young (80896K), 6 survivors (6144K)
 Metaspace       used 141192K, committed 143424K, reserved 1179648K
  class space    used 19356K, committed 20480K, reserved 1048576K
}
Event: 634.086 GC heap after
{Heap after GC invocations=66 (full 0):
 garbage-first heap   total 345088K, used 180889K [0x0000000080000000, 0x0000000100000000)
  region size 1024K, 6 young (6144K), 6 survivors (6144K)
 Metaspace       used 141192K, committed 143424K, reserved 1179648K
  class space    used 19356K, committed 20480K, reserved 1048576K
}
Event: 634.138 GC heap before
{Heap before GC invocations=66 (full 0):
 garbage-first heap   total 345088K, used 202393K [0x0000000080000000, 0x0000000100000000)
  region size 1024K, 29 young (29696K), 6 survivors (6144K)
 Metaspace       used 141199K, committed 143424K, reserved 1179648K
  class space    used 19357K, committed 20480K, reserved 1048576K
}
Event: 634.143 GC heap after
{Heap after GC invocations=67 (full 0):
 garbage-first heap   total 345088K, used 181374K [0x0000000080000000, 0x0000000100000000)
  region size 1024K, 6 young (6144K), 6 survivors (6144K)
 Metaspace       used 141199K, committed 143424K, reserved 1179648K
  class space    used 19357K, committed 20480K, reserved 1048576K
}
Event: 636.894 GC heap before
{Heap before GC invocations=68 (full 0):
 garbage-first heap   total 345088K, used 285822K [0x0000000080000000, 0x0000000100000000)
  region size 1024K, 97 young (99328K), 6 survivors (6144K)
 Metaspace       used 141804K, committed 144064K, reserved 1179648K
  class space    used 19405K, committed 20544K, reserved 1048576K
}
Event: 636.901 GC heap after
{Heap after GC invocations=69 (full 0):
 garbage-first heap   total 345088K, used 172209K [0x0000000080000000, 0x0000000100000000)
  region size 1024K, 11 young (11264K), 11 survivors (11264K)
 Metaspace       used 141804K, committed 144064K, reserved 1179648K
  class space    used 19405K, committed 20544K, reserved 1048576K
}

