# JRE version: OpenJDK Runtime Environment (21.0.5) (build 21.0.5+-12932927-b750.29)
# Java VM: OpenJDK 64-Bit Server VM (21.0.5+-12932927-b750.29, mixed mode, tiered, compressed oops, compressed class ptrs, g1 gc, windows-amd64)
GC Precious Log:
 CardTable entry size: 512
 Card Set container configuration: InlinePtr #cards 5 size 8 Array Of Cards #cards 12 size 40 Howl #buckets 4 coarsen threshold 1843 Howl Bitmap #cards 512 size 80 coarsen threshold 460 Card regions per heap region 1 cards per card region 2048
 CPUs: 12 total, 12 available
 Memory: 7860M
 Large Page Support: Disabled
 NUMA Support: Disabled
 Compressed Oops: Enabled (32-bit)
 Heap Region Size: 1M
 Heap Min Capacity: 8M
 Heap Initial Capacity: 124M
 Heap Max Capacity: 2G
 Pre-touch: Disabled
 Parallel Workers: 10
 Concurrent Workers: 3
 Concurrent Refinement Workers: 10
 Periodic GC: Disabled
Heap:
 garbage-first heap   total 357376K, used 321453K [0x0000000080000000, 0x0000000100000000)
  region size 1024K, 117 young (119808K), 11 survivors (11264K)
 Metaspace       used 204262K, committed 207168K, reserved 1245184K
  class space    used 27178K, committed 28608K, reserved 1048576K
GC Heap History (20 events):
Event: 22.283 GC heap before
{Heap before GC invocations=47 (full 0):
 garbage-first heap   total 270336K, used 159366K [0x0000000080000000, 0x0000000100000000)
  region size 1024K, 30 young (30720K), 3 survivors (3072K)
 Metaspace       used 131490K, committed 133760K, reserved 1179648K
  class space    used 18201K, committed 19328K, reserved 1048576K
}
Event: 22.287 GC heap after
{Heap after GC invocations=48 (full 0):
 garbage-first heap   total 270336K, used 137225K [0x0000000080000000, 0x0000000100000000)
  region size 1024K, 7 young (7168K), 7 survivors (7168K)
 Metaspace       used 131490K, committed 133760K, reserved 1179648K
  class space    used 18201K, committed 19328K, reserved 1048576K
}
Event: 232.052 GC heap before
{Heap before GC invocations=49 (full 0):
 garbage-first heap   total 270336K, used 268297K [0x0000000080000000, 0x0000000100000000)
  region size 1024K, 107 young (109568K), 7 survivors (7168K)
 Metaspace       used 138221K, committed 140480K, reserved 1179648K
  class space    used 19271K, committed 20416K, reserved 1048576K
}
Event: 232.172 GC heap after
{Heap after GC invocations=50 (full 0):
 garbage-first heap   total 274432K, used 134790K [0x0000000080000000, 0x0000000100000000)
  region size 1024K, 4 young (4096K), 4 survivors (4096K)
 Metaspace       used 138221K, committed 140480K, reserved 1179648K
  class space    used 19271K, committed 20416K, reserved 1048576K
}
Event: 1728.551 GC heap before
{Heap before GC invocations=50 (full 0):
 garbage-first heap   total 274432K, used 273030K [0x0000000080000000, 0x0000000100000000)
  region size 1024K, 108 young (110592K), 4 survivors (4096K)
 Metaspace       used 142221K, committed 144576K, reserved 1179648K
  class space    used 19737K, committed 20928K, reserved 1048576K
}
Event: 1728.594 GC heap after
{Heap after GC invocations=51 (full 0):
 garbage-first heap   total 291840K, used 169951K [0x0000000080000000, 0x0000000100000000)
  region size 1024K, 15 young (15360K), 15 survivors (15360K)
 Metaspace       used 142221K, committed 144576K, reserved 1179648K
  class space    used 19737K, committed 20928K, reserved 1048576K
}
Event: 1729.909 GC heap before
{Heap before GC invocations=51 (full 0):
 garbage-first heap   total 291840K, used 260063K [0x0000000080000000, 0x0000000100000000)
  region size 1024K, 104 young (106496K), 15 survivors (15360K)
 Metaspace       used 151341K, committed 153792K, reserved 1245184K
  class space    used 21357K, committed 22592K, reserved 1048576K
}
Event: 1729.932 GC heap after
{Heap after GC invocations=52 (full 0):
 garbage-first heap   total 291840K, used 175799K [0x0000000080000000, 0x0000000100000000)
  region size 1024K, 6 young (6144K), 6 survivors (6144K)
 Metaspace       used 151341K, committed 153792K, reserved 1245184K
  class space    used 21357K, committed 22592K, reserved 1048576K
}
Event: 1730.930 GC heap before
{Heap before GC invocations=53 (full 0):
 garbage-first heap   total 293888K, used 284343K [0x0000000080000000, 0x0000000100000000)
  region size 1024K, 96 young (98304K), 6 survivors (6144K)
 Metaspace       used 159386K, committed 161920K, reserved 1245184K
  class space    used 22335K, committed 23552K, reserved 1048576K
}
Event: 1730.951 GC heap after
{Heap after GC invocations=54 (full 0):
 garbage-first heap   total 305152K, used 191250K [0x0000000080000000, 0x0000000100000000)
  region size 1024K, 12 young (12288K), 12 survivors (12288K)
 Metaspace       used 159386K, committed 161920K, reserved 1245184K
  class space    used 22335K, committed 23552K, reserved 1048576K
}
Event: 1731.589 GC heap before
{Heap before GC invocations=54 (full 0):
 garbage-first heap   total 305152K, used 282386K [0x0000000080000000, 0x0000000100000000)
  region size 1024K, 94 young (96256K), 12 survivors (12288K)
 Metaspace       used 165361K, committed 167872K, reserved 1245184K
  class space    used 22999K, committed 24256K, reserved 1048576K
}
Event: 1731.609 GC heap after
{Heap after GC invocations=55 (full 0):
 garbage-first heap   total 311296K, used 207437K [0x0000000080000000, 0x0000000100000000)
  region size 1024K, 12 young (12288K), 12 survivors (12288K)
 Metaspace       used 165361K, committed 167872K, reserved 1245184K
  class space    used 22999K, committed 24256K, reserved 1048576K
}
Event: 1732.149 GC heap before
{Heap before GC invocations=55 (full 0):
 garbage-first heap   total 311296K, used 280141K [0x0000000080000000, 0x0000000100000000)
  region size 1024K, 83 young (84992K), 12 survivors (12288K)
 Metaspace       used 174599K, committed 177408K, reserved 1245184K
  class space    used 24018K, committed 25408K, reserved 1048576K
}
Event: 1732.161 GC heap after
{Heap after GC invocations=56 (full 0):
 garbage-first heap   total 311296K, used 213929K [0x0000000080000000, 0x0000000100000000)
  region size 1024K, 6 young (6144K), 6 survivors (6144K)
 Metaspace       used 174599K, committed 177408K, reserved 1245184K
  class space    used 24018K, committed 25408K, reserved 1048576K
}
Event: 1733.306 GC heap before
{Heap before GC invocations=57 (full 0):
 garbage-first heap   total 357376K, used 284585K [0x0000000080000000, 0x0000000100000000)
  region size 1024K, 75 young (76800K), 6 survivors (6144K)
 Metaspace       used 183008K, committed 185856K, reserved 1245184K
  class space    used 25070K, committed 26496K, reserved 1048576K
}
Event: 1733.315 GC heap after
{Heap after GC invocations=58 (full 0):
 garbage-first heap   total 357376K, used 217363K [0x0000000080000000, 0x0000000100000000)
  region size 1024K, 10 young (10240K), 10 survivors (10240K)
 Metaspace       used 183008K, committed 185856K, reserved 1245184K
  class space    used 25070K, committed 26496K, reserved 1048576K
}
Event: 1734.191 GC heap before
{Heap before GC invocations=58 (full 0):
 garbage-first heap   total 357376K, used 322835K [0x0000000080000000, 0x0000000100000000)
  region size 1024K, 113 young (115712K), 10 survivors (10240K)
 Metaspace       used 191776K, committed 194560K, reserved 1245184K
  class space    used 26054K, committed 27456K, reserved 1048576K
}
Event: 1734.211 GC heap after
{Heap after GC invocations=59 (full 0):
 garbage-first heap   total 357376K, used 207491K [0x0000000080000000, 0x0000000100000000)
  region size 1024K, 12 young (12288K), 12 survivors (12288K)
 Metaspace       used 191776K, committed 194560K, reserved 1245184K
  class space    used 26054K, committed 27456K, reserved 1048576K
}
Event: 1734.929 GC heap before
{Heap before GC invocations=59 (full 0):
 garbage-first heap   total 357376K, used 284291K [0x0000000080000000, 0x0000000100000000)
  region size 1024K, 89 young (91136K), 12 survivors (12288K)
 Metaspace       used 203131K, committed 206016K, reserved 1245184K
  class space    used 27109K, committed 28544K, reserved 1048576K
}
Event: 1734.939 GC heap after
{Heap after GC invocations=60 (full 0):
 garbage-first heap   total 357376K, used 211885K [0x0000000080000000, 0x0000000100000000)
  region size 1024K, 11 young (11264K), 11 survivors (11264K)
 Metaspace       used 203131K, committed 206016K, reserved 1245184K
  class space    used 27109K, committed 28544K, reserved 1048576K
}

