# JRE version: OpenJDK Runtime Environment (21.0.5) (build 21.0.5+-12932927-b750.29)
# Java VM: OpenJDK 64-Bit Server VM (21.0.5+-12932927-b750.29, mixed mode, tiered, compressed oops, compressed class ptrs, g1 gc, windows-amd64)
GC Precious Log:
 CardTable entry size: 512
 Card Set container configuration: InlinePtr #cards 5 size 8 Array Of Cards #cards 12 size 40 Howl #buckets 4 coarsen threshold 1843 Howl Bitmap #cards 512 size 80 coarsen threshold 460 Card regions per heap region 1 cards per card region 2048
 CPUs: 12 total, 12 available
 Memory: 7860M
 Large Page Support: Disabled
 NUMA Support: Disabled
 Compressed Oops: Enabled (32-bit)
 Heap Region Size: 1M
 Heap Min Capacity: 8M
 Heap Initial Capacity: 124M
 Heap Max Capacity: 2G
 Pre-touch: Disabled
 Parallel Workers: 10
 Concurrent Workers: 3
 Concurrent Refinement Workers: 10
 Periodic GC: Disabled
Heap:
 garbage-first heap   total 393216K, used 241027K [0x0000000080000000, 0x0000000100000000)
  region size 1024K, 29 young (29696K), 13 survivors (13312K)
 Metaspace       used 132964K, committed 135488K, reserved 1179648K
  class space    used 17547K, committed 18816K, reserved 1048576K
GC Heap History (20 events):
Event: 11.922 GC heap before
{Heap before GC invocations=29 (full 0):
 garbage-first heap   total 288768K, used 268675K [0x0000000080000000, 0x0000000100000000)
  region size 1024K, 125 young (128000K), 10 survivors (10240K)
 Metaspace       used 116149K, committed 118528K, reserved 1179648K
  class space    used 15594K, committed 16768K, reserved 1048576K
}
Event: 11.930 GC heap after
{Heap after GC invocations=30 (full 0):
 garbage-first heap   total 288768K, used 151332K [0x0000000080000000, 0x0000000100000000)
  region size 1024K, 14 young (14336K), 14 survivors (14336K)
 Metaspace       used 116149K, committed 118528K, reserved 1179648K
  class space    used 15594K, committed 16768K, reserved 1048576K
}
Event: 12.352 GC heap before
{Heap before GC invocations=30 (full 0):
 garbage-first heap   total 288768K, used 256804K [0x0000000080000000, 0x0000000100000000)
  region size 1024K, 118 young (120832K), 14 survivors (14336K)
 Metaspace       used 116759K, committed 119104K, reserved 1179648K
  class space    used 15652K, committed 16832K, reserved 1048576K
}
Event: 12.363 GC heap after
{Heap after GC invocations=31 (full 0):
 garbage-first heap   total 288768K, used 154171K [0x0000000080000000, 0x0000000100000000)
  region size 1024K, 14 young (14336K), 14 survivors (14336K)
 Metaspace       used 116759K, committed 119104K, reserved 1179648K
  class space    used 15652K, committed 16832K, reserved 1048576K
}
Event: 17.904 GC heap before
{Heap before GC invocations=31 (full 0):
 garbage-first heap   total 288768K, used 256571K [0x0000000080000000, 0x0000000100000000)
  region size 1024K, 115 young (117760K), 14 survivors (14336K)
 Metaspace       used 120533K, committed 122944K, reserved 1179648K
  class space    used 16133K, committed 17344K, reserved 1048576K
}
Event: 17.915 GC heap after
{Heap after GC invocations=32 (full 0):
 garbage-first heap   total 288768K, used 159984K [0x0000000080000000, 0x0000000100000000)
  region size 1024K, 13 young (13312K), 13 survivors (13312K)
 Metaspace       used 120533K, committed 122944K, reserved 1179648K
  class space    used 16133K, committed 17344K, reserved 1048576K
}
Event: 18.748 GC heap before
{Heap before GC invocations=33 (full 0):
 garbage-first heap   total 288768K, used 258288K [0x0000000080000000, 0x0000000100000000)
  region size 1024K, 110 young (112640K), 13 survivors (13312K)
 Metaspace       used 124064K, committed 126528K, reserved 1179648K
  class space    used 16671K, committed 17920K, reserved 1048576K
}
Event: 18.761 GC heap after
{Heap after GC invocations=34 (full 0):
 garbage-first heap   total 288768K, used 169846K [0x0000000080000000, 0x0000000100000000)
  region size 1024K, 12 young (12288K), 12 survivors (12288K)
 Metaspace       used 124064K, committed 126528K, reserved 1179648K
  class space    used 16671K, committed 17920K, reserved 1048576K
}
Event: 19.861 GC heap before
{Heap before GC invocations=34 (full 0):
 garbage-first heap   total 288768K, used 259958K [0x0000000080000000, 0x0000000100000000)
  region size 1024K, 101 young (103424K), 12 survivors (12288K)
 Metaspace       used 126515K, committed 129024K, reserved 1179648K
  class space    used 16944K, committed 18240K, reserved 1048576K
}
Event: 19.874 GC heap after
{Heap after GC invocations=35 (full 0):
 garbage-first heap   total 288768K, used 181062K [0x0000000080000000, 0x0000000100000000)
  region size 1024K, 13 young (13312K), 13 survivors (13312K)
 Metaspace       used 126515K, committed 129024K, reserved 1179648K
  class space    used 16944K, committed 18240K, reserved 1048576K
}
Event: 19.949 GC heap before
{Heap before GC invocations=35 (full 0):
 garbage-first heap   total 288768K, used 188230K [0x0000000080000000, 0x0000000100000000)
  region size 1024K, 21 young (21504K), 13 survivors (13312K)
 Metaspace       used 126574K, committed 129088K, reserved 1179648K
  class space    used 16944K, committed 18240K, reserved 1048576K
}
Event: 19.956 GC heap after
{Heap after GC invocations=36 (full 0):
 garbage-first heap   total 288768K, used 186015K [0x0000000080000000, 0x0000000100000000)
  region size 1024K, 5 young (5120K), 5 survivors (5120K)
 Metaspace       used 126574K, committed 129088K, reserved 1179648K
  class space    used 16944K, committed 18240K, reserved 1048576K
}
Event: 20.562 GC heap before
{Heap before GC invocations=37 (full 0):
 garbage-first heap   total 327680K, used 268959K [0x0000000080000000, 0x0000000100000000)
  region size 1024K, 70 young (71680K), 5 survivors (5120K)
 Metaspace       used 127171K, committed 129664K, reserved 1179648K
  class space    used 17006K, committed 18304K, reserved 1048576K
}
Event: 20.575 GC heap after
{Heap after GC invocations=38 (full 0):
 garbage-first heap   total 327680K, used 208896K [0x0000000080000000, 0x0000000100000000)
  region size 1024K, 9 young (9216K), 9 survivors (9216K)
 Metaspace       used 127171K, committed 129664K, reserved 1179648K
  class space    used 17006K, committed 18304K, reserved 1048576K
}
Event: 20.925 GC heap before
{Heap before GC invocations=38 (full 0):
 garbage-first heap   total 327680K, used 303104K [0x0000000080000000, 0x0000000100000000)
  region size 1024K, 77 young (78848K), 9 survivors (9216K)
 Metaspace       used 128201K, committed 130688K, reserved 1179648K
  class space    used 17112K, committed 18368K, reserved 1048576K
}
Event: 20.937 GC heap after
{Heap after GC invocations=39 (full 0):
 garbage-first heap   total 327680K, used 214429K [0x0000000080000000, 0x0000000100000000)
  region size 1024K, 9 young (9216K), 9 survivors (9216K)
 Metaspace       used 128201K, committed 130688K, reserved 1179648K
  class space    used 17112K, committed 18368K, reserved 1048576K
}
Event: 21.267 GC heap before
{Heap before GC invocations=39 (full 0):
 garbage-first heap   total 327680K, used 283037K [0x0000000080000000, 0x0000000100000000)
  region size 1024K, 77 young (78848K), 9 survivors (9216K)
 Metaspace       used 131079K, committed 133568K, reserved 1179648K
  class space    used 17355K, committed 18624K, reserved 1048576K
}
Event: 21.278 GC heap after
{Heap after GC invocations=40 (full 0):
 garbage-first heap   total 393216K, used 219526K [0x0000000080000000, 0x0000000100000000)
  region size 1024K, 6 young (6144K), 6 survivors (6144K)
 Metaspace       used 131079K, committed 133568K, reserved 1179648K
  class space    used 17355K, committed 18624K, reserved 1048576K
}
Event: 21.653 GC heap before
{Heap before GC invocations=41 (full 0):
 garbage-first heap   total 393216K, used 342406K [0x0000000080000000, 0x0000000100000000)
  region size 1024K, 107 young (109568K), 6 survivors (6144K)
 Metaspace       used 132614K, committed 135104K, reserved 1179648K
  class space    used 17502K, committed 18752K, reserved 1048576K
}
Event: 21.660 GC heap after
{Heap after GC invocations=42 (full 0):
 garbage-first heap   total 393216K, used 226691K [0x0000000080000000, 0x0000000100000000)
  region size 1024K, 13 young (13312K), 13 survivors (13312K)
 Metaspace       used 132614K, committed 135104K, reserved 1179648K
  class space    used 17502K, committed 18752K, reserved 1048576K
}

