# JRE version: OpenJDK Runtime Environment (21.0.5) (build 21.0.5+-12932927-b750.29)
# Java VM: OpenJDK 64-Bit Server VM (21.0.5+-12932927-b750.29, mixed mode, tiered, compressed oops, compressed class ptrs, g1 gc, windows-amd64)
GC Precious Log:
 CardTable entry size: 512
 Card Set container configuration: InlinePtr #cards 5 size 8 Array Of Cards #cards 12 size 40 Howl #buckets 4 coarsen threshold 1843 Howl Bitmap #cards 512 size 80 coarsen threshold 460 Card regions per heap region 1 cards per card region 2048
 CPUs: 12 total, 12 available
 Memory: 7860M
 Large Page Support: Disabled
 NUMA Support: Disabled
 Compressed Oops: Enabled (32-bit)
 Heap Region Size: 1M
 Heap Min Capacity: 8M
 Heap Initial Capacity: 124M
 Heap Max Capacity: 2G
 Pre-touch: Disabled
 Parallel Workers: 10
 Concurrent Workers: 3
 Concurrent Refinement Workers: 10
 Periodic GC: Disabled
Heap:
 garbage-first heap   total 291840K, used 133535K [0x0000000080000000, 0x0000000100000000)
  region size 1024K, 5 young (5120K), 5 survivors (5120K)
 Metaspace       used 125662K, committed 127872K, reserved 1179648K
  class space    used 16593K, committed 17728K, reserved 1048576K
GC Heap History (20 events):
Event: 47.872 GC heap after
{Heap after GC invocations=50 (full 0):
 garbage-first heap   total 235520K, used 137917K [0x0000000080000000, 0x0000000100000000)
  region size 1024K, 3 young (3072K), 3 survivors (3072K)
 Metaspace       used 112113K, committed 114240K, reserved 1179648K
  class space    used 14984K, committed 16064K, reserved 1048576K
}
Event: 47.876 GC heap before
{Heap before GC invocations=50 (full 0):
 garbage-first heap   total 235520K, used 137917K [0x0000000080000000, 0x0000000100000000)
  region size 1024K, 5 young (5120K), 3 survivors (3072K)
 Metaspace       used 112135K, committed 114304K, reserved 1179648K
  class space    used 14986K, committed 16064K, reserved 1048576K
}
Event: 47.879 GC heap after
{Heap after GC invocations=51 (full 0):
 garbage-first heap   total 235520K, used 137781K [0x0000000080000000, 0x0000000100000000)
  region size 1024K, 3 young (3072K), 3 survivors (3072K)
 Metaspace       used 112135K, committed 114304K, reserved 1179648K
  class space    used 14986K, committed 16064K, reserved 1048576K
}
Event: 48.896 GC heap before
{Heap before GC invocations=52 (full 0):
 garbage-first heap   total 235520K, used 204341K [0x0000000080000000, 0x0000000100000000)
  region size 1024K, 74 young (75776K), 3 survivors (3072K)
 Metaspace       used 113258K, committed 115392K, reserved 1179648K
  class space    used 15092K, committed 16128K, reserved 1048576K
}
Event: 48.922 GC heap after
{Heap after GC invocations=53 (full 0):
 garbage-first heap   total 235520K, used 133299K [0x0000000080000000, 0x0000000100000000)
  region size 1024K, 10 young (10240K), 10 survivors (10240K)
 Metaspace       used 113258K, committed 115392K, reserved 1179648K
  class space    used 15092K, committed 16128K, reserved 1048576K
}
Event: 51.265 GC heap before
{Heap before GC invocations=53 (full 0):
 garbage-first heap   total 235520K, used 201907K [0x0000000080000000, 0x0000000100000000)
  region size 1024K, 78 young (79872K), 10 survivors (10240K)
 Metaspace       used 114999K, committed 117184K, reserved 1179648K
  class space    used 15304K, committed 16384K, reserved 1048576K
}
Event: 51.273 GC heap after
{Heap after GC invocations=54 (full 0):
 garbage-first heap   total 291840K, used 113664K [0x0000000080000000, 0x0000000100000000)
  region size 1024K, 7 young (7168K), 7 survivors (7168K)
 Metaspace       used 114999K, committed 117184K, reserved 1179648K
  class space    used 15304K, committed 16384K, reserved 1048576K
}
Event: 350.294 GC heap before
{Heap before GC invocations=54 (full 0):
 garbage-first heap   total 291840K, used 222208K [0x0000000080000000, 0x0000000100000000)
  region size 1024K, 114 young (116736K), 7 survivors (7168K)
 Metaspace       used 118448K, committed 120640K, reserved 1179648K
  class space    used 15746K, committed 16832K, reserved 1048576K
}
Event: 350.673 GC heap after
{Heap after GC invocations=55 (full 0):
 garbage-first heap   total 291840K, used 116406K [0x0000000080000000, 0x0000000100000000)
  region size 1024K, 9 young (9216K), 9 survivors (9216K)
 Metaspace       used 118448K, committed 120640K, reserved 1179648K
  class space    used 15746K, committed 16832K, reserved 1048576K
}
Event: 351.624 GC heap before
{Heap before GC invocations=56 (full 0):
 garbage-first heap   total 291840K, used 132790K [0x0000000080000000, 0x0000000100000000)
  region size 1024K, 25 young (25600K), 9 survivors (9216K)
 Metaspace       used 118465K, committed 120640K, reserved 1179648K
  class space    used 15748K, committed 16832K, reserved 1048576K
}
Event: 351.669 GC heap after
{Heap after GC invocations=57 (full 0):
 garbage-first heap   total 291840K, used 117370K [0x0000000080000000, 0x0000000100000000)
  region size 1024K, 2 young (2048K), 2 survivors (2048K)
 Metaspace       used 118465K, committed 120640K, reserved 1179648K
  class space    used 15748K, committed 16832K, reserved 1048576K
}
Event: 356.479 GC heap before
{Heap before GC invocations=57 (full 0):
 garbage-first heap   total 291840K, used 266874K [0x0000000080000000, 0x0000000100000000)
  region size 1024K, 149 young (152576K), 2 survivors (2048K)
 Metaspace       used 125020K, committed 127168K, reserved 1179648K
  class space    used 16517K, committed 17600K, reserved 1048576K
}
Event: 356.628 GC heap after
{Heap after GC invocations=58 (full 0):
 garbage-first heap   total 291840K, used 122805K [0x0000000080000000, 0x0000000100000000)
  region size 1024K, 15 young (15360K), 15 survivors (15360K)
 Metaspace       used 125020K, committed 127168K, reserved 1179648K
  class space    used 16517K, committed 17600K, reserved 1048576K
}
Event: 356.683 GC heap before
{Heap before GC invocations=58 (full 0):
 garbage-first heap   total 291840K, used 188341K [0x0000000080000000, 0x0000000100000000)
  region size 1024K, 80 young (81920K), 15 survivors (15360K)
 Metaspace       used 125065K, committed 127232K, reserved 1179648K
  class space    used 16522K, committed 17600K, reserved 1048576K
}
Event: 356.746 GC heap after
{Heap after GC invocations=59 (full 0):
 garbage-first heap   total 291840K, used 124835K [0x0000000080000000, 0x0000000100000000)
  region size 1024K, 3 young (3072K), 3 survivors (3072K)
 Metaspace       used 125065K, committed 127232K, reserved 1179648K
  class space    used 16522K, committed 17600K, reserved 1048576K
}
Event: 357.616 GC heap before
{Heap before GC invocations=60 (full 0):
 garbage-first heap   total 291840K, used 260003K [0x0000000080000000, 0x0000000100000000)
  region size 1024K, 136 young (139264K), 3 survivors (3072K)
 Metaspace       used 125090K, committed 127232K, reserved 1179648K
  class space    used 16522K, committed 17600K, reserved 1048576K
}
Event: 357.731 GC heap after
{Heap after GC invocations=61 (full 0):
 garbage-first heap   total 291840K, used 137185K [0x0000000080000000, 0x0000000100000000)
  region size 1024K, 15 young (15360K), 15 survivors (15360K)
 Metaspace       used 125090K, committed 127232K, reserved 1179648K
  class space    used 16522K, committed 17600K, reserved 1048576K
}
Event: 358.196 GC heap before
{Heap before GC invocations=61 (full 0):
 garbage-first heap   total 291840K, used 259041K [0x0000000080000000, 0x0000000100000000)
  region size 1024K, 135 young (138240K), 15 survivors (15360K)
 Metaspace       used 125512K, committed 127680K, reserved 1179648K
  class space    used 16577K, committed 17664K, reserved 1048576K
}
Event: 358.261 GC heap after
{Heap after GC invocations=62 (full 0):
 garbage-first heap   total 291840K, used 136361K [0x0000000080000000, 0x0000000100000000)
  region size 1024K, 8 young (8192K), 8 survivors (8192K)
 Metaspace       used 125512K, committed 127680K, reserved 1179648K
  class space    used 16577K, committed 17664K, reserved 1048576K
}
Event: 358.648 GC heap before
{Heap before GC invocations=62 (full 0):
 garbage-first heap   total 291840K, used 264361K [0x0000000080000000, 0x0000000100000000)
  region size 1024K, 132 young (135168K), 8 survivors (8192K)
 Metaspace       used 125662K, committed 127872K, reserved 1179648K
  class space    used 16593K, committed 17728K, reserved 1048576K
}

