# JRE version: OpenJDK Runtime Environment (21.0.5) (build 21.0.5+-12932927-b750.29)
# Java VM: OpenJDK 64-Bit Server VM (21.0.5+-12932927-b750.29, mixed mode, tiered, compressed oops, compressed class ptrs, g1 gc, windows-amd64)
GC Precious Log:
 CardTable entry size: 512
 Card Set container configuration: InlinePtr #cards 5 size 8 Array Of Cards #cards 12 size 40 Howl #buckets 4 coarsen threshold 1843 Howl Bitmap #cards 512 size 80 coarsen threshold 460 Card regions per heap region 1 cards per card region 2048
 CPUs: 12 total, 12 available
 Memory: 7860M
 Large Page Support: Disabled
 NUMA Support: Disabled
 Compressed Oops: Enabled (32-bit)
 Heap Region Size: 1M
 Heap Min Capacity: 8M
 Heap Initial Capacity: 124M
 Heap Max Capacity: 2G
 Pre-touch: Disabled
 Parallel Workers: 10
 Concurrent Workers: 3
 Concurrent Refinement Workers: 10
 Periodic GC: Disabled
Heap:
 garbage-first heap   total 358400K, used 274752K [0x0000000080000000, 0x0000000100000000)
  region size 1024K, 61 young (62464K), 12 survivors (12288K)
 Metaspace       used 123158K, committed 125376K, reserved 1179648K
  class space    used 16404K, committed 17472K, reserved 1048576K
GC Heap History (20 events):
Event: 11.799 GC heap before
{Heap before GC invocations=38 (full 0):
 garbage-first heap   total 269312K, used 168170K [0x0000000080000000, 0x0000000100000000)
  region size 1024K, 34 young (34816K), 5 survivors (5120K)
 Metaspace       used 111047K, committed 113280K, reserved 1179648K
  class space    used 14896K, committed 16000K, reserved 1048576K
}
Event: 11.806 GC heap after
{Heap after GC invocations=39 (full 0):
 garbage-first heap   total 269312K, used 142353K [0x0000000080000000, 0x0000000100000000)
  region size 1024K, 7 young (7168K), 7 survivors (7168K)
 Metaspace       used 111047K, committed 113280K, reserved 1179648K
  class space    used 14896K, committed 16000K, reserved 1048576K
}
Event: 12.487 GC heap before
{Heap before GC invocations=40 (full 0):
 garbage-first heap   total 269312K, used 245543K [0x0000000080000000, 0x0000000100000000)
  region size 1024K, 98 young (100352K), 7 survivors (7168K)
 Metaspace       used 112568K, committed 114688K, reserved 1179648K
  class space    used 15054K, committed 16128K, reserved 1048576K
}
Event: 12.493 GC heap after
{Heap after GC invocations=41 (full 0):
 garbage-first heap   total 269312K, used 124268K [0x0000000080000000, 0x0000000100000000)
  region size 1024K, 5 young (5120K), 5 survivors (5120K)
 Metaspace       used 112568K, committed 114688K, reserved 1179648K
  class space    used 15054K, committed 16128K, reserved 1048576K
}
Event: 13.497 GC heap before
{Heap before GC invocations=41 (full 0):
 garbage-first heap   total 269312K, used 242028K [0x0000000080000000, 0x0000000100000000)
  region size 1024K, 121 young (123904K), 5 survivors (5120K)
 Metaspace       used 115069K, committed 117184K, reserved 1179648K
  class space    used 15372K, committed 16448K, reserved 1048576K
}
Event: 13.506 GC heap after
{Heap after GC invocations=42 (full 0):
 garbage-first heap   total 269312K, used 113458K [0x0000000080000000, 0x0000000100000000)
  region size 1024K, 10 young (10240K), 10 survivors (10240K)
 Metaspace       used 115069K, committed 117184K, reserved 1179648K
  class space    used 15372K, committed 16448K, reserved 1048576K
}
Event: 14.035 GC heap before
{Heap before GC invocations=42 (full 0):
 garbage-first heap   total 269312K, used 237362K [0x0000000080000000, 0x0000000100000000)
  region size 1024K, 132 young (135168K), 10 survivors (10240K)
 Metaspace       used 117125K, committed 119296K, reserved 1179648K
  class space    used 15609K, committed 16704K, reserved 1048576K
}
Event: 14.048 GC heap after
{Heap after GC invocations=43 (full 0):
 garbage-first heap   total 269312K, used 122634K [0x0000000080000000, 0x0000000100000000)
  region size 1024K, 17 young (17408K), 17 survivors (17408K)
 Metaspace       used 117125K, committed 119296K, reserved 1179648K
  class space    used 15609K, committed 16704K, reserved 1048576K
}
Event: 14.260 GC heap before
{Heap before GC invocations=43 (full 0):
 garbage-first heap   total 269312K, used 171786K [0x0000000080000000, 0x0000000100000000)
  region size 1024K, 67 young (68608K), 17 survivors (17408K)
 Metaspace       used 117848K, committed 120000K, reserved 1179648K
  class space    used 15679K, committed 16768K, reserved 1048576K
}
Event: 14.273 GC heap after
{Heap after GC invocations=44 (full 0):
 garbage-first heap   total 269312K, used 130194K [0x0000000080000000, 0x0000000100000000)
  region size 1024K, 9 young (9216K), 9 survivors (9216K)
 Metaspace       used 117848K, committed 120000K, reserved 1179648K
  class space    used 15679K, committed 16768K, reserved 1048576K
}
Event: 14.625 GC heap before
{Heap before GC invocations=45 (full 0):
 garbage-first heap   total 269312K, used 248978K [0x0000000080000000, 0x0000000100000000)
  region size 1024K, 115 young (117760K), 9 survivors (9216K)
 Metaspace       used 118185K, committed 120384K, reserved 1179648K
  class space    used 15710K, committed 16832K, reserved 1048576K
}
Event: 14.635 GC heap after
{Heap after GC invocations=46 (full 0):
 garbage-first heap   total 272384K, used 154529K [0x0000000080000000, 0x0000000100000000)
  region size 1024K, 15 young (15360K), 15 survivors (15360K)
 Metaspace       used 118185K, committed 120384K, reserved 1179648K
  class space    used 15710K, committed 16832K, reserved 1048576K
}
Event: 14.832 GC heap before
{Heap before GC invocations=46 (full 0):
 garbage-first heap   total 272384K, used 249761K [0x0000000080000000, 0x0000000100000000)
  region size 1024K, 100 young (102400K), 15 survivors (15360K)
 Metaspace       used 118967K, committed 121152K, reserved 1179648K
  class space    used 15806K, committed 16896K, reserved 1048576K
}
Event: 14.842 GC heap after
{Heap after GC invocations=47 (full 0):
 garbage-first heap   total 328704K, used 162242K [0x0000000080000000, 0x0000000100000000)
  region size 1024K, 6 young (6144K), 6 survivors (6144K)
 Metaspace       used 118967K, committed 121152K, reserved 1179648K
  class space    used 15806K, committed 16896K, reserved 1048576K
}
Event: 15.294 GC heap before
{Heap before GC invocations=47 (full 0):
 garbage-first heap   total 328704K, used 252354K [0x0000000080000000, 0x0000000100000000)
  region size 1024K, 77 young (78848K), 6 survivors (6144K)
 Metaspace       used 122510K, committed 124736K, reserved 1179648K
  class space    used 16307K, committed 17408K, reserved 1048576K
}
Event: 15.298 GC heap after
{Heap after GC invocations=48 (full 0):
 garbage-first heap   total 328704K, used 173891K [0x0000000080000000, 0x0000000100000000)
  region size 1024K, 10 young (10240K), 10 survivors (10240K)
 Metaspace       used 122510K, committed 124736K, reserved 1179648K
  class space    used 16307K, committed 17408K, reserved 1048576K
}
Event: 15.299 GC heap before
{Heap before GC invocations=48 (full 0):
 garbage-first heap   total 328704K, used 175939K [0x0000000080000000, 0x0000000100000000)
  region size 1024K, 11 young (11264K), 10 survivors (10240K)
 Metaspace       used 122510K, committed 124736K, reserved 1179648K
  class space    used 16307K, committed 17408K, reserved 1048576K
}
Event: 15.303 GC heap after
{Heap after GC invocations=49 (full 0):
 garbage-first heap   total 328704K, used 174870K [0x0000000080000000, 0x0000000100000000)
  region size 1024K, 10 young (10240K), 10 survivors (10240K)
 Metaspace       used 122510K, committed 124736K, reserved 1179648K
  class space    used 16307K, committed 17408K, reserved 1048576K
}
Event: 15.664 GC heap before
{Heap before GC invocations=50 (full 0):
 garbage-first heap   total 358400K, used 299798K [0x0000000080000000, 0x0000000100000000)
  region size 1024K, 93 young (95232K), 10 survivors (10240K)
 Metaspace       used 122799K, committed 124928K, reserved 1179648K
  class space    used 16351K, committed 17408K, reserved 1048576K
}
Event: 15.688 GC heap after
{Heap after GC invocations=51 (full 0):
 garbage-first heap   total 358400K, used 221504K [0x0000000080000000, 0x0000000100000000)
  region size 1024K, 12 young (12288K), 12 survivors (12288K)
 Metaspace       used 122799K, committed 124928K, reserved 1179648K
  class space    used 16351K, committed 17408K, reserved 1048576K
}

