# JRE version: OpenJDK Runtime Environment (21.0.5) (build 21.0.5+-12932927-b750.29)
# Java VM: OpenJDK 64-Bit Server VM (21.0.5+-12932927-b750.29, mixed mode, tiered, compressed oops, compressed class ptrs, g1 gc, windows-amd64)
GC Precious Log:
 CardTable entry size: 512
 Card Set container configuration: InlinePtr #cards 5 size 8 Array Of Cards #cards 12 size 40 Howl #buckets 4 coarsen threshold 1843 Howl Bitmap #cards 512 size 80 coarsen threshold 460 Card regions per heap region 1 cards per card region 2048
 CPUs: 12 total, 12 available
 Memory: 7860M
 Large Page Support: Disabled
 NUMA Support: Disabled
 Compressed Oops: Enabled (32-bit)
 Heap Region Size: 1M
 Heap Min Capacity: 8M
 Heap Initial Capacity: 124M
 Heap Max Capacity: 2G
 Pre-touch: Disabled
 Parallel Workers: 10
 Concurrent Workers: 3
 Concurrent Refinement Workers: 10
 Periodic GC: Disabled
Heap:
 garbage-first heap   total 240640K, used 203374K [0x0000000080000000, 0x0000000100000000)
  region size 1024K, 64 young (65536K), 7 survivors (7168K)
 Metaspace       used 106212K, committed 108544K, reserved 1179648K
  class space    used 14384K, committed 15552K, reserved 1048576K
GC Heap History (20 events):
Event: 13.668 GC heap before
{Heap before GC invocations=30 (full 0):
 garbage-first heap   total 183296K, used 142831K [0x0000000080000000, 0x0000000100000000)
  region size 1024K, 37 young (37888K), 4 survivors (4096K)
 Metaspace       used 84438K, committed 86400K, reserved 1179648K
  class space    used 11375K, committed 12352K, reserved 1048576K
}
Event: 13.673 GC heap after
{Heap after GC invocations=31 (full 0):
 garbage-first heap   total 183296K, used 107930K [0x0000000080000000, 0x0000000100000000)
  region size 1024K, 5 young (5120K), 5 survivors (5120K)
 Metaspace       used 84438K, committed 86400K, reserved 1179648K
  class space    used 11375K, committed 12352K, reserved 1048576K
}
Event: 14.231 GC heap before
{Heap before GC invocations=31 (full 0):
 garbage-first heap   total 183296K, used 157082K [0x0000000080000000, 0x0000000100000000)
  region size 1024K, 54 young (55296K), 5 survivors (5120K)
 Metaspace       used 87935K, committed 89920K, reserved 1179648K
  class space    used 11820K, committed 12800K, reserved 1048576K
}
Event: 14.238 GC heap after
{Heap after GC invocations=32 (full 0):
 garbage-first heap   total 183296K, used 112414K [0x0000000080000000, 0x0000000100000000)
  region size 1024K, 6 young (6144K), 6 survivors (6144K)
 Metaspace       used 87935K, committed 89920K, reserved 1179648K
  class space    used 11820K, committed 12800K, reserved 1048576K
}
Event: 14.771 GC heap before
{Heap before GC invocations=32 (full 0):
 garbage-first heap   total 183296K, used 160542K [0x0000000080000000, 0x0000000100000000)
  region size 1024K, 53 young (54272K), 6 survivors (6144K)
 Metaspace       used 90844K, committed 92864K, reserved 1179648K
  class space    used 12227K, committed 13248K, reserved 1048576K
}
Event: 14.775 GC heap after
{Heap after GC invocations=33 (full 0):
 garbage-first heap   total 183296K, used 114556K [0x0000000080000000, 0x0000000100000000)
  region size 1024K, 5 young (5120K), 5 survivors (5120K)
 Metaspace       used 90844K, committed 92864K, reserved 1179648K
  class space    used 12227K, committed 13248K, reserved 1048576K
}
Event: 15.269 GC heap before
{Heap before GC invocations=34 (full 0):
 garbage-first heap   total 194560K, used 163708K [0x0000000080000000, 0x0000000100000000)
  region size 1024K, 52 young (53248K), 5 survivors (5120K)
 Metaspace       used 94613K, committed 96576K, reserved 1179648K
  class space    used 12887K, committed 13888K, reserved 1048576K
}
Event: 15.272 GC heap after
{Heap after GC invocations=35 (full 0):
 garbage-first heap   total 194560K, used 116272K [0x0000000080000000, 0x0000000100000000)
  region size 1024K, 2 young (2048K), 2 survivors (2048K)
 Metaspace       used 94613K, committed 96576K, reserved 1179648K
  class space    used 12887K, committed 13888K, reserved 1048576K
}
Event: 15.982 GC heap before
{Heap before GC invocations=35 (full 0):
 garbage-first heap   total 194560K, used 187952K [0x0000000080000000, 0x0000000100000000)
  region size 1024K, 58 young (59392K), 2 survivors (2048K)
 Metaspace       used 100040K, committed 102272K, reserved 1179648K
  class space    used 13687K, committed 14784K, reserved 1048576K
}
Event: 15.989 GC heap after
{Heap after GC invocations=36 (full 0):
 garbage-first heap   total 200704K, used 136075K [0x0000000080000000, 0x0000000100000000)
  region size 1024K, 8 young (8192K), 8 survivors (8192K)
 Metaspace       used 100040K, committed 102272K, reserved 1179648K
  class space    used 13687K, committed 14784K, reserved 1048576K
}
Event: 16.680 GC heap before
{Heap before GC invocations=36 (full 0):
 garbage-first heap   total 200704K, used 180107K [0x0000000080000000, 0x0000000100000000)
  region size 1024K, 51 young (52224K), 8 survivors (8192K)
 Metaspace       used 102352K, committed 104576K, reserved 1179648K
  class space    used 13993K, committed 15104K, reserved 1048576K
}
Event: 16.688 GC heap after
{Heap after GC invocations=37 (full 0):
 garbage-first heap   total 200704K, used 140672K [0x0000000080000000, 0x0000000100000000)
  region size 1024K, 4 young (4096K), 4 survivors (4096K)
 Metaspace       used 102352K, committed 104576K, reserved 1179648K
  class space    used 13993K, committed 15104K, reserved 1048576K
}
Event: 17.130 GC heap before
{Heap before GC invocations=38 (full 0):
 garbage-first heap   total 235520K, used 183680K [0x0000000080000000, 0x0000000100000000)
  region size 1024K, 46 young (47104K), 4 survivors (4096K)
 Metaspace       used 102352K, committed 104576K, reserved 1179648K
  class space    used 13993K, committed 15104K, reserved 1048576K
}
Event: 17.135 GC heap after
{Heap after GC invocations=39 (full 0):
 garbage-first heap   total 235520K, used 142169K [0x0000000080000000, 0x0000000100000000)
  region size 1024K, 4 young (4096K), 4 survivors (4096K)
 Metaspace       used 102352K, committed 104576K, reserved 1179648K
  class space    used 13993K, committed 15104K, reserved 1048576K
}
Event: 17.893 GC heap before
{Heap before GC invocations=39 (full 0):
 garbage-first heap   total 235520K, used 211801K [0x0000000080000000, 0x0000000100000000)
  region size 1024K, 72 young (73728K), 4 survivors (4096K)
 Metaspace       used 102362K, committed 104576K, reserved 1179648K
  class space    used 13996K, committed 15104K, reserved 1048576K
}
Event: 17.897 GC heap after
{Heap after GC invocations=40 (full 0):
 garbage-first heap   total 235520K, used 141210K [0x0000000080000000, 0x0000000100000000)
  region size 1024K, 6 young (6144K), 6 survivors (6144K)
 Metaspace       used 102362K, committed 104576K, reserved 1179648K
  class space    used 13996K, committed 15104K, reserved 1048576K
}
Event: 18.359 GC heap before
{Heap before GC invocations=40 (full 0):
 garbage-first heap   total 235520K, used 213914K [0x0000000080000000, 0x0000000100000000)
  region size 1024K, 77 young (78848K), 6 survivors (6144K)
 Metaspace       used 102362K, committed 104576K, reserved 1179648K
  class space    used 13996K, committed 15104K, reserved 1048576K
}
Event: 18.363 GC heap after
{Heap after GC invocations=41 (full 0):
 garbage-first heap   total 235520K, used 143280K [0x0000000080000000, 0x0000000100000000)
  region size 1024K, 8 young (8192K), 8 survivors (8192K)
 Metaspace       used 102362K, committed 104576K, reserved 1179648K
  class space    used 13996K, committed 15104K, reserved 1048576K
}
Event: 18.793 GC heap before
{Heap before GC invocations=42 (full 0):
 garbage-first heap   total 240640K, used 212912K [0x0000000080000000, 0x0000000100000000)
  region size 1024K, 76 young (77824K), 8 survivors (8192K)
 Metaspace       used 102362K, committed 104576K, reserved 1179648K
  class space    used 13996K, committed 15104K, reserved 1048576K
}
Event: 18.799 GC heap after
{Heap after GC invocations=43 (full 0):
 garbage-first heap   total 240640K, used 145006K [0x0000000080000000, 0x0000000100000000)
  region size 1024K, 7 young (7168K), 7 survivors (7168K)
 Metaspace       used 102362K, committed 104576K, reserved 1179648K
  class space    used 13996K, committed 15104K, reserved 1048576K
}

