# JRE version: OpenJDK Runtime Environment (21.0.5) (build 21.0.5+-12932927-b750.29)
# Java VM: OpenJDK 64-Bit Server VM (21.0.5+-12932927-b750.29, mixed mode, tiered, compressed oops, compressed class ptrs, g1 gc, windows-amd64)
GC Precious Log:
 CardTable entry size: 512
 Card Set container configuration: InlinePtr #cards 5 size 8 Array Of Cards #cards 12 size 40 Howl #buckets 4 coarsen threshold 1843 Howl Bitmap #cards 512 size 80 coarsen threshold 460 Card regions per heap region 1 cards per card region 2048
 CPUs: 12 total, 12 available
 Memory: 7860M
 Large Page Support: Disabled
 NUMA Support: Disabled
 Compressed Oops: Enabled (32-bit)
 Heap Region Size: 1M
 Heap Min Capacity: 8M
 Heap Initial Capacity: 124M
 Heap Max Capacity: 2G
 Pre-touch: Disabled
 Parallel Workers: 10
 Concurrent Workers: 3
 Concurrent Refinement Workers: 10
 Periodic GC: Disabled
Heap:
 garbage-first heap   total 152576K, used 131925K [0x0000000080000000, 0x0000000100000000)
  region size 1024K, 38 young (38912K), 5 survivors (5120K)
 Metaspace       used 105188K, committed 107328K, reserved 1179648K
  class space    used 14408K, committed 15488K, reserved 1048576K
GC Heap History (20 events):
Event: 12.687 GC heap before
{Heap before GC invocations=23 (full 0):
 garbage-first heap   total 118784K, used 112161K [0x0000000080000000, 0x0000000100000000)
  region size 1024K, 46 young (47104K), 4 survivors (4096K)
 Metaspace       used 79618K, committed 81536K, reserved 1179648K
  class space    used 10758K, committed 11712K, reserved 1048576K
}
Event: 12.692 GC heap after
{Heap after GC invocations=24 (full 0):
 garbage-first heap   total 120832K, used 68749K [0x0000000080000000, 0x0000000100000000)
  region size 1024K, 6 young (6144K), 6 survivors (6144K)
 Metaspace       used 79618K, committed 81536K, reserved 1179648K
  class space    used 10758K, committed 11712K, reserved 1048576K
}
Event: 13.147 GC heap before
{Heap before GC invocations=24 (full 0):
 garbage-first heap   total 120832K, used 106637K [0x0000000080000000, 0x0000000100000000)
  region size 1024K, 43 young (44032K), 6 survivors (6144K)
 Metaspace       used 82385K, committed 84288K, reserved 1179648K
  class space    used 11104K, committed 12032K, reserved 1048576K
}
Event: 13.155 GC heap after
{Heap after GC invocations=25 (full 0):
 garbage-first heap   total 120832K, used 72597K [0x0000000080000000, 0x0000000100000000)
  region size 1024K, 5 young (5120K), 5 survivors (5120K)
 Metaspace       used 82385K, committed 84288K, reserved 1179648K
  class space    used 11104K, committed 12032K, reserved 1048576K
}
Event: 13.953 GC heap before
{Heap before GC invocations=25 (full 0):
 garbage-first heap   total 120832K, used 106389K [0x0000000080000000, 0x0000000100000000)
  region size 1024K, 39 young (39936K), 5 survivors (5120K)
 Metaspace       used 84255K, committed 86144K, reserved 1179648K
  class space    used 11354K, committed 12288K, reserved 1048576K
}
Event: 13.958 GC heap after
{Heap after GC invocations=26 (full 0):
 garbage-first heap   total 145408K, used 74307K [0x0000000080000000, 0x0000000100000000)
  region size 1024K, 4 young (4096K), 4 survivors (4096K)
 Metaspace       used 84255K, committed 86144K, reserved 1179648K
  class space    used 11354K, committed 12288K, reserved 1048576K
}
Event: 14.819 GC heap before
{Heap before GC invocations=27 (full 0):
 garbage-first heap   total 145408K, used 125507K [0x0000000080000000, 0x0000000100000000)
  region size 1024K, 53 young (54272K), 4 survivors (4096K)
 Metaspace       used 88160K, committed 90176K, reserved 1179648K
  class space    used 11999K, committed 12992K, reserved 1048576K
}
Event: 14.823 GC heap after
{Heap after GC invocations=28 (full 0):
 garbage-first heap   total 145408K, used 75503K [0x0000000080000000, 0x0000000100000000)
  region size 1024K, 5 young (5120K), 5 survivors (5120K)
 Metaspace       used 88160K, committed 90176K, reserved 1179648K
  class space    used 11999K, committed 12992K, reserved 1048576K
}
Event: 15.457 GC heap before
{Heap before GC invocations=28 (full 0):
 garbage-first heap   total 145408K, used 126703K [0x0000000080000000, 0x0000000100000000)
  region size 1024K, 55 young (56320K), 5 survivors (5120K)
 Metaspace       used 92494K, committed 94464K, reserved 1179648K
  class space    used 12678K, committed 13696K, reserved 1048576K
}
Event: 15.465 GC heap after
{Heap after GC invocations=29 (full 0):
 garbage-first heap   total 145408K, used 77681K [0x0000000080000000, 0x0000000100000000)
  region size 1024K, 5 young (5120K), 5 survivors (5120K)
 Metaspace       used 92494K, committed 94464K, reserved 1179648K
  class space    used 12678K, committed 13696K, reserved 1048576K
}
Event: 16.147 GC heap before
{Heap before GC invocations=29 (full 0):
 garbage-first heap   total 145408K, used 128881K [0x0000000080000000, 0x0000000100000000)
  region size 1024K, 55 young (56320K), 5 survivors (5120K)
 Metaspace       used 96467K, committed 98560K, reserved 1179648K
  class space    used 13285K, committed 14336K, reserved 1048576K
}
Event: 16.151 GC heap after
{Heap after GC invocations=30 (full 0):
 garbage-first heap   total 145408K, used 80348K [0x0000000080000000, 0x0000000100000000)
  region size 1024K, 6 young (6144K), 6 survivors (6144K)
 Metaspace       used 96467K, committed 98560K, reserved 1179648K
  class space    used 13285K, committed 14336K, reserved 1048576K
}
Event: 16.785 GC heap before
{Heap before GC invocations=31 (full 0):
 garbage-first heap   total 145408K, used 130524K [0x0000000080000000, 0x0000000100000000)
  region size 1024K, 55 young (56320K), 6 survivors (6144K)
 Metaspace       used 100377K, committed 102464K, reserved 1179648K
  class space    used 13844K, committed 14912K, reserved 1048576K
}
Event: 16.793 GC heap after
{Heap after GC invocations=32 (full 0):
 garbage-first heap   total 145408K, used 84377K [0x0000000080000000, 0x0000000100000000)
  region size 1024K, 7 young (7168K), 7 survivors (7168K)
 Metaspace       used 100377K, committed 102464K, reserved 1179648K
  class space    used 13844K, committed 14912K, reserved 1048576K
}
Event: 17.539 GC heap before
{Heap before GC invocations=32 (full 0):
 garbage-first heap   total 145408K, used 128409K [0x0000000080000000, 0x0000000100000000)
  region size 1024K, 51 young (52224K), 7 survivors (7168K)
 Metaspace       used 102342K, committed 104512K, reserved 1179648K
  class space    used 14143K, committed 15232K, reserved 1048576K
}
Event: 17.547 GC heap after
{Heap after GC invocations=33 (full 0):
 garbage-first heap   total 145408K, used 89195K [0x0000000080000000, 0x0000000100000000)
  region size 1024K, 6 young (6144K), 6 survivors (6144K)
 Metaspace       used 102342K, committed 104512K, reserved 1179648K
  class space    used 14143K, committed 15232K, reserved 1048576K
}
Event: 17.707 GC heap before
{Heap before GC invocations=33 (full 0):
 garbage-first heap   total 145408K, used 129131K [0x0000000080000000, 0x0000000100000000)
  region size 1024K, 46 young (47104K), 6 survivors (6144K)
 Metaspace       used 102355K, committed 104512K, reserved 1179648K
  class space    used 14143K, committed 15232K, reserved 1048576K
}
Event: 17.712 GC heap after
{Heap after GC invocations=34 (full 0):
 garbage-first heap   total 145408K, used 90534K [0x0000000080000000, 0x0000000100000000)
  region size 1024K, 4 young (4096K), 4 survivors (4096K)
 Metaspace       used 102355K, committed 104512K, reserved 1179648K
  class space    used 14143K, committed 15232K, reserved 1048576K
}
Event: 18.041 GC heap before
{Heap before GC invocations=35 (full 0):
 garbage-first heap   total 152576K, used 131494K [0x0000000080000000, 0x0000000100000000)
  region size 1024K, 45 young (46080K), 4 survivors (4096K)
 Metaspace       used 102434K, committed 104576K, reserved 1179648K
  class space    used 14152K, committed 15232K, reserved 1048576K
}
Event: 18.045 GC heap after
{Heap after GC invocations=36 (full 0):
 garbage-first heap   total 152576K, used 91989K [0x0000000080000000, 0x0000000100000000)
  region size 1024K, 5 young (5120K), 5 survivors (5120K)
 Metaspace       used 102434K, committed 104576K, reserved 1179648K
  class space    used 14152K, committed 15232K, reserved 1048576K
}

