# JRE version: OpenJDK Runtime Environment (21.0.5) (build 21.0.5+-12932927-b750.29)
# Java VM: OpenJDK 64-Bit Server VM (21.0.5+-12932927-b750.29, mixed mode, tiered, compressed oops, compressed class ptrs, g1 gc, windows-amd64)
GC Precious Log:
 CardTable entry size: 512
 Card Set container configuration: InlinePtr #cards 5 size 8 Array Of Cards #cards 12 size 40 Howl #buckets 4 coarsen threshold 1843 Howl Bitmap #cards 512 size 80 coarsen threshold 460 Card regions per heap region 1 cards per card region 2048
 CPUs: 12 total, 12 available
 Memory: 7860M
 Large Page Support: Disabled
 NUMA Support: Disabled
 Compressed Oops: Enabled (32-bit)
 Heap Region Size: 1M
 Heap Min Capacity: 8M
 Heap Initial Capacity: 124M
 Heap Max Capacity: 2G
 Pre-touch: Disabled
 Parallel Workers: 10
 Concurrent Workers: 3
 Concurrent Refinement Workers: 10
 Periodic GC: Disabled
Heap:
 garbage-first heap   total 118784K, used 72221K [0x0000000080000000, 0x0000000100000000)
  region size 1024K, 13 young (13312K), 2 survivors (2048K)
 Metaspace       used 76027K, committed 77952K, reserved 1179648K
  class space    used 10315K, committed 11264K, reserved 1048576K
GC Heap History (20 events):
Event: 4.445 GC heap before
{Heap before GC invocations=9 (full 0):
 garbage-first heap   total 92160K, used 81702K [0x0000000080000000, 0x0000000100000000)
  region size 1024K, 59 young (60416K), 4 survivors (4096K)
 Metaspace       used 45543K, committed 46720K, reserved 1114112K
  class space    used 6072K, committed 6656K, reserved 1048576K
}
Event: 4.460 GC heap after
{Heap after GC invocations=10 (full 0):
 garbage-first heap   total 92160K, used 31273K [0x0000000080000000, 0x0000000100000000)
  region size 1024K, 8 young (8192K), 8 survivors (8192K)
 Metaspace       used 45543K, committed 46720K, reserved 1114112K
  class space    used 6072K, committed 6656K, reserved 1048576K
}
Event: 4.623 GC heap before
{Heap before GC invocations=10 (full 0):
 garbage-first heap   total 92160K, used 78377K [0x0000000080000000, 0x0000000100000000)
  region size 1024K, 54 young (55296K), 8 survivors (8192K)
 Metaspace       used 46640K, committed 47872K, reserved 1114112K
  class space    used 6237K, committed 6848K, reserved 1048576K
}
Event: 4.628 GC heap after
{Heap after GC invocations=11 (full 0):
 garbage-first heap   total 92160K, used 32798K [0x0000000080000000, 0x0000000100000000)
  region size 1024K, 3 young (3072K), 3 survivors (3072K)
 Metaspace       used 46640K, committed 47872K, reserved 1114112K
  class space    used 6237K, committed 6848K, reserved 1048576K
}
Event: 5.292 GC heap before
{Heap before GC invocations=11 (full 0):
 garbage-first heap   total 92160K, used 80926K [0x0000000080000000, 0x0000000100000000)
  region size 1024K, 49 young (50176K), 3 survivors (3072K)
 Metaspace       used 53357K, committed 54912K, reserved 1114112K
  class space    used 7185K, committed 7936K, reserved 1048576K
}
Event: 5.311 GC heap after
{Heap after GC invocations=12 (full 0):
 garbage-first heap   total 92160K, used 35786K [0x0000000080000000, 0x0000000100000000)
  region size 1024K, 6 young (6144K), 6 survivors (6144K)
 Metaspace       used 53357K, committed 54912K, reserved 1114112K
  class space    used 7185K, committed 7936K, reserved 1048576K
}
Event: 5.780 GC heap before
{Heap before GC invocations=12 (full 0):
 garbage-first heap   total 92160K, used 76746K [0x0000000080000000, 0x0000000100000000)
  region size 1024K, 47 young (48128K), 6 survivors (6144K)
 Metaspace       used 59402K, committed 60928K, reserved 1114112K
  class space    used 8056K, committed 8832K, reserved 1048576K
}
Event: 5.785 GC heap after
{Heap after GC invocations=13 (full 0):
 garbage-first heap   total 110592K, used 37752K [0x0000000080000000, 0x0000000100000000)
  region size 1024K, 6 young (6144K), 6 survivors (6144K)
 Metaspace       used 59402K, committed 60928K, reserved 1114112K
  class space    used 8056K, committed 8832K, reserved 1048576K
}
Event: 6.876 GC heap before
{Heap before GC invocations=14 (full 0):
 garbage-first heap   total 110592K, used 96120K [0x0000000080000000, 0x0000000100000000)
  region size 1024K, 64 young (65536K), 6 survivors (6144K)
 Metaspace       used 65425K, committed 67136K, reserved 1114112K
  class space    used 8956K, committed 9792K, reserved 1048576K
}
Event: 6.884 GC heap after
{Heap after GC invocations=15 (full 0):
 garbage-first heap   total 110592K, used 43746K [0x0000000080000000, 0x0000000100000000)
  region size 1024K, 8 young (8192K), 8 survivors (8192K)
 Metaspace       used 65425K, committed 67136K, reserved 1114112K
  class space    used 8956K, committed 9792K, reserved 1048576K
}
Event: 7.827 GC heap before
{Heap before GC invocations=15 (full 0):
 garbage-first heap   total 110592K, used 94946K [0x0000000080000000, 0x0000000100000000)
  region size 1024K, 59 young (60416K), 8 survivors (8192K)
 Metaspace       used 66414K, committed 68096K, reserved 1114112K
  class space    used 9061K, committed 9920K, reserved 1048576K
}
Event: 7.834 GC heap after
{Heap after GC invocations=16 (full 0):
 garbage-first heap   total 110592K, used 46333K [0x0000000080000000, 0x0000000100000000)
  region size 1024K, 5 young (5120K), 5 survivors (5120K)
 Metaspace       used 66414K, committed 68096K, reserved 1114112K
  class space    used 9061K, committed 9920K, reserved 1048576K
}
Event: 8.122 GC heap before
{Heap before GC invocations=16 (full 0):
 garbage-first heap   total 110592K, used 95485K [0x0000000080000000, 0x0000000100000000)
  region size 1024K, 54 young (55296K), 5 survivors (5120K)
 Metaspace       used 66629K, committed 68352K, reserved 1114112K
  class space    used 9061K, committed 9920K, reserved 1048576K
}
Event: 8.127 GC heap after
{Heap after GC invocations=17 (full 0):
 garbage-first heap   total 110592K, used 47224K [0x0000000080000000, 0x0000000100000000)
  region size 1024K, 5 young (5120K), 5 survivors (5120K)
 Metaspace       used 66629K, committed 68352K, reserved 1114112K
  class space    used 9061K, committed 9920K, reserved 1048576K
}
Event: 8.489 GC heap before
{Heap before GC invocations=17 (full 0):
 garbage-first heap   total 110592K, used 96376K [0x0000000080000000, 0x0000000100000000)
  region size 1024K, 54 young (55296K), 5 survivors (5120K)
 Metaspace       used 66891K, committed 68544K, reserved 1114112K
  class space    used 9099K, committed 9920K, reserved 1048576K
}
Event: 8.496 GC heap after
{Heap after GC invocations=18 (full 0):
 garbage-first heap   total 110592K, used 48611K [0x0000000080000000, 0x0000000100000000)
  region size 1024K, 5 young (5120K), 5 survivors (5120K)
 Metaspace       used 66891K, committed 68544K, reserved 1114112K
  class space    used 9099K, committed 9920K, reserved 1048576K
}
Event: 9.526 GC heap before
{Heap before GC invocations=19 (full 0):
 garbage-first heap   total 110592K, used 104931K [0x0000000080000000, 0x0000000100000000)
  region size 1024K, 54 young (55296K), 5 survivors (5120K)
 Metaspace       used 70486K, committed 72192K, reserved 1114112K
  class space    used 9577K, committed 10432K, reserved 1048576K
}
Event: 9.532 GC heap after
{Heap after GC invocations=20 (full 0):
 garbage-first heap   total 118784K, used 61641K [0x0000000080000000, 0x0000000100000000)
  region size 1024K, 7 young (7168K), 7 survivors (7168K)
 Metaspace       used 70486K, committed 72192K, reserved 1114112K
  class space    used 9577K, committed 10432K, reserved 1048576K
}
Event: 10.247 GC heap before
{Heap before GC invocations=20 (full 0):
 garbage-first heap   total 118784K, used 103625K [0x0000000080000000, 0x0000000100000000)
  region size 1024K, 48 young (49152K), 7 survivors (7168K)
 Metaspace       used 75050K, committed 76864K, reserved 1179648K
  class space    used 10158K, committed 11072K, reserved 1048576K
}
Event: 10.259 GC heap after
{Heap after GC invocations=21 (full 0):
 garbage-first heap   total 118784K, used 61981K [0x0000000080000000, 0x0000000100000000)
  region size 1024K, 2 young (2048K), 2 survivors (2048K)
 Metaspace       used 75050K, committed 76864K, reserved 1179648K
  class space    used 10158K, committed 11072K, reserved 1048576K
}

