# JRE version: OpenJDK Runtime Environment (21.0.5) (build 21.0.5+-12932927-b750.29)
# Java VM: OpenJDK 64-Bit Server VM (21.0.5+-12932927-b750.29, mixed mode, tiered, compressed oops, compressed class ptrs, g1 gc, windows-amd64)
GC Precious Log:
 CardTable entry size: 512
 Card Set container configuration: InlinePtr #cards 5 size 8 Array Of Cards #cards 12 size 40 Howl #buckets 4 coarsen threshold 1843 Howl Bitmap #cards 512 size 80 coarsen threshold 460 Card regions per heap region 1 cards per card region 2048
 CPUs: 12 total, 12 available
 Memory: 7860M
 Large Page Support: Disabled
 NUMA Support: Disabled
 Compressed Oops: Enabled (32-bit)
 Heap Region Size: 1M
 Heap Min Capacity: 8M
 Heap Initial Capacity: 124M
 Heap Max Capacity: 2G
 Pre-touch: Disabled
 Parallel Workers: 10
 Concurrent Workers: 3
 Concurrent Refinement Workers: 10
 Periodic GC: Disabled
Heap:
 garbage-first heap   total 268288K, used 230230K [0x0000000080000000, 0x0000000100000000)
  region size 1024K, 70 young (71680K), 5 survivors (5120K)
 Metaspace       used 126896K, committed 129344K, reserved 1179648K
  class space    used 16905K, committed 18112K, reserved 1048576K
GC Heap History (20 events):
Event: 14.222 GC heap before
{Heap before GC invocations=38 (full 0):
 garbage-first heap   total 232448K, used 176157K [0x0000000080000000, 0x0000000100000000)
  region size 1024K, 41 young (41984K), 4 survivors (4096K)
 Metaspace       used 102347K, committed 104576K, reserved 1179648K
  class space    used 13987K, committed 15104K, reserved 1048576K
}
Event: 14.227 GC heap after
{Heap after GC invocations=39 (full 0):
 garbage-first heap   total 232448K, used 139590K [0x0000000080000000, 0x0000000100000000)
  region size 1024K, 4 young (4096K), 4 survivors (4096K)
 Metaspace       used 102347K, committed 104576K, reserved 1179648K
  class space    used 13987K, committed 15104K, reserved 1048576K
}
Event: 14.586 GC heap before
{Heap before GC invocations=39 (full 0):
 garbage-first heap   total 232448K, used 205126K [0x0000000080000000, 0x0000000100000000)
  region size 1024K, 68 young (69632K), 4 survivors (4096K)
 Metaspace       used 102347K, committed 104576K, reserved 1179648K
  class space    used 13987K, committed 15104K, reserved 1048576K
}
Event: 14.590 GC heap after
{Heap after GC invocations=40 (full 0):
 garbage-first heap   total 232448K, used 139192K [0x0000000080000000, 0x0000000100000000)
  region size 1024K, 5 young (5120K), 5 survivors (5120K)
 Metaspace       used 102347K, committed 104576K, reserved 1179648K
  class space    used 13987K, committed 15104K, reserved 1048576K
}
Event: 14.859 GC heap before
{Heap before GC invocations=40 (full 0):
 garbage-first heap   total 232448K, used 207800K [0x0000000080000000, 0x0000000100000000)
  region size 1024K, 72 young (73728K), 5 survivors (5120K)
 Metaspace       used 102357K, committed 104576K, reserved 1179648K
  class space    used 13990K, committed 15104K, reserved 1048576K
}
Event: 14.863 GC heap after
{Heap after GC invocations=41 (full 0):
 garbage-first heap   total 232448K, used 141082K [0x0000000080000000, 0x0000000100000000)
  region size 1024K, 6 young (6144K), 6 survivors (6144K)
 Metaspace       used 102357K, committed 104576K, reserved 1179648K
  class space    used 13990K, committed 15104K, reserved 1048576K
}
Event: 15.137 GC heap before
{Heap before GC invocations=42 (full 0):
 garbage-first heap   total 235520K, used 210714K [0x0000000080000000, 0x0000000100000000)
  region size 1024K, 74 young (75776K), 6 survivors (6144K)
 Metaspace       used 102357K, committed 104576K, reserved 1179648K
  class space    used 13990K, committed 15104K, reserved 1048576K
}
Event: 15.141 GC heap after
{Heap after GC invocations=43 (full 0):
 garbage-first heap   total 235520K, used 142825K [0x0000000080000000, 0x0000000100000000)
  region size 1024K, 6 young (6144K), 6 survivors (6144K)
 Metaspace       used 102357K, committed 104576K, reserved 1179648K
  class space    used 13990K, committed 15104K, reserved 1048576K
}
Event: 15.566 GC heap before
{Heap before GC invocations=43 (full 0):
 garbage-first heap   total 235520K, used 215529K [0x0000000080000000, 0x0000000100000000)
  region size 1024K, 76 young (77824K), 6 survivors (6144K)
 Metaspace       used 104946K, committed 107200K, reserved 1179648K
  class space    used 14214K, committed 15296K, reserved 1048576K
}
Event: 15.572 GC heap after
{Heap after GC invocations=44 (full 0):
 garbage-first heap   total 235520K, used 144089K [0x0000000080000000, 0x0000000100000000)
  region size 1024K, 7 young (7168K), 7 survivors (7168K)
 Metaspace       used 104946K, committed 107200K, reserved 1179648K
  class space    used 14214K, committed 15296K, reserved 1048576K
}
Event: 16.170 GC heap before
{Heap before GC invocations=44 (full 0):
 garbage-first heap   total 235520K, used 215769K [0x0000000080000000, 0x0000000100000000)
  region size 1024K, 77 young (78848K), 7 survivors (7168K)
 Metaspace       used 112260K, committed 114624K, reserved 1179648K
  class space    used 15265K, committed 16448K, reserved 1048576K
}
Event: 16.177 GC heap after
{Heap after GC invocations=45 (full 0):
 garbage-first heap   total 235520K, used 147439K [0x0000000080000000, 0x0000000100000000)
  region size 1024K, 8 young (8192K), 8 survivors (8192K)
 Metaspace       used 112260K, committed 114624K, reserved 1179648K
  class space    used 15265K, committed 16448K, reserved 1048576K
}
Event: 16.764 GC heap before
{Heap before GC invocations=46 (full 0):
 garbage-first heap   total 247808K, used 217071K [0x0000000080000000, 0x0000000100000000)
  region size 1024K, 72 young (73728K), 8 survivors (8192K)
 Metaspace       used 116365K, committed 118656K, reserved 1179648K
  class space    used 15613K, committed 16768K, reserved 1048576K
}
Event: 16.771 GC heap after
{Heap after GC invocations=47 (full 0):
 garbage-first heap   total 247808K, used 151311K [0x0000000080000000, 0x0000000100000000)
  region size 1024K, 9 young (9216K), 9 survivors (9216K)
 Metaspace       used 116365K, committed 118656K, reserved 1179648K
  class space    used 15613K, committed 16768K, reserved 1048576K
}
Event: 17.103 GC heap before
{Heap before GC invocations=47 (full 0):
 garbage-first heap   total 247808K, used 225039K [0x0000000080000000, 0x0000000100000000)
  region size 1024K, 81 young (82944K), 9 survivors (9216K)
 Metaspace       used 116758K, committed 119104K, reserved 1179648K
  class space    used 15658K, committed 16832K, reserved 1048576K
}
Event: 17.112 GC heap after
{Heap after GC invocations=48 (full 0):
 garbage-first heap   total 247808K, used 153576K [0x0000000080000000, 0x0000000100000000)
  region size 1024K, 5 young (5120K), 5 survivors (5120K)
 Metaspace       used 116758K, committed 119104K, reserved 1179648K
  class space    used 15658K, committed 16832K, reserved 1048576K
}
Event: 17.827 GC heap before
{Heap before GC invocations=48 (full 0):
 garbage-first heap   total 247808K, used 228328K [0x0000000080000000, 0x0000000100000000)
  region size 1024K, 79 young (80896K), 5 survivors (5120K)
 Metaspace       used 121205K, committed 123520K, reserved 1179648K
  class space    used 16195K, committed 17344K, reserved 1048576K
}
Event: 17.836 GC heap after
{Heap after GC invocations=49 (full 0):
 garbage-first heap   total 247808K, used 160463K [0x0000000080000000, 0x0000000100000000)
  region size 1024K, 10 young (10240K), 10 survivors (10240K)
 Metaspace       used 121205K, committed 123520K, reserved 1179648K
  class space    used 16195K, committed 17344K, reserved 1048576K
}
Event: 27.566 GC heap before
{Heap before GC invocations=50 (full 0):
 garbage-first heap   total 268288K, used 221903K [0x0000000080000000, 0x0000000100000000)
  region size 1024K, 71 young (72704K), 10 survivors (10240K)
 Metaspace       used 126481K, committed 128960K, reserved 1179648K
  class space    used 16876K, committed 18112K, reserved 1048576K
}
Event: 27.576 GC heap after
{Heap after GC invocations=51 (full 0):
 garbage-first heap   total 268288K, used 164694K [0x0000000080000000, 0x0000000100000000)
  region size 1024K, 5 young (5120K), 5 survivors (5120K)
 Metaspace       used 126481K, committed 128960K, reserved 1179648K
  class space    used 16876K, committed 18112K, reserved 1048576K
}

